#
# There is insufficient memory for the Java Runtime Environment to continue.
# Native memory allocation (mmap) failed to map 167772160 bytes for G1 virtual space
# Possible reasons:
#   The system is out of physical RAM or swap space
#   The process is running with CompressedOops enabled, and the Java Heap may be blocking the growth of the native heap
# Possible solutions:
#   Reduce memory load on the system
#   Increase physical memory or swap space
#   Check if swap backing store is full
#   Decrease Java heap size (-Xmx/-Xms)
#   Decrease number of Java threads
#   Decrease Java thread stack sizes (-Xss)
#   Set larger code cache with -XX:ReservedCodeCacheSize=
#   JVM is running with Unscaled Compressed Oops mode in which the Java heap is
#     placed in the first 4GB address space. The Java Heap base address is the
#     maximum limit for the native heap growth. Please use -XX:HeapBaseMinAddress
#     to set the Java Heap base and to place the Java Heap above 4GB virtual address.
# This output file may be truncated or incomplete.
#
#  Out of Memory Error (os_windows.cpp:3469), pid=11572, tid=7808
#
# JRE version: Java(TM) SE Runtime Environment (17.0.1+12) (build 17.0.1+12-LTS-39)
# Java VM: Java HotSpot(TM) 64-Bit Server VM (17.0.1+12-LTS-39, mixed mode, sharing, tiered, compressed oops, compressed class ptrs, g1 gc, windows-amd64)
# No core dump will be written. Minidumps are not enabled by default on client versions of Windows
#

---------------  S U M M A R Y ------------

Command Line: --add-opens=java.base/java.util=ALL-UNNAMED --add-opens=java.base/java.lang=ALL-UNNAMED --add-opens=java.base/java.lang.invoke=ALL-UNNAMED --add-opens=java.prefs/java.util.prefs=ALL-UNNAMED --add-exports=jdk.compiler/com.sun.tools.javac.api=ALL-UNNAMED --add-exports=jdk.compiler/com.sun.tools.javac.util=ALL-UNNAMED --add-opens=java.base/java.nio.charset=ALL-UNNAMED --add-opens=java.base/java.net=ALL-UNNAMED --add-opens=java.base/java.util.concurrent.atomic=ALL-UNNAMED -Xmx2048m -Dfile.encoding=UTF-8 -Duser.country=CN -Duser.language=zh -Duser.variant -javaagent:C:\Gradle\Gradle_8.10\lib\agents\gradle-instrumentation-agent-8.10.jar org.gradle.launcher.daemon.bootstrap.GradleDaemon 8.10

Host: Intel(R) Core(TM) i3-9100F CPU @ 3.60GHz, 4 cores, 7G,  Windows 10 , 64 bit Build 19041 (10.0.19041.546)
Time: Tue Aug  5 17:28:06 2025  Windows 10 , 64 bit Build 19041 (10.0.19041.546) elapsed time: 21.998026 seconds (0d 0h 0m 21s)

---------------  T H R E A D  ---------------

Current thread (0x000001343e6ce030):  VMThread "VM Thread" [stack: 0x0000002b24a00000,0x0000002b24b00000] [id=7808]

Stack: [0x0000002b24a00000,0x0000002b24b00000]
Native frames: (J=compiled Java code, j=interpreted, Vv=VM code, C=native code)
V  [jvm.dll+0x66fa1a]
V  [jvm.dll+0x7ce5a4]
V  [jvm.dll+0x7cfd4e]
V  [jvm.dll+0x7d03b3]
V  [jvm.dll+0x242b05]
V  [jvm.dll+0x66ca39]
V  [jvm.dll+0x661502]
V  [jvm.dll+0x30081b]
V  [jvm.dll+0x307da6]
V  [jvm.dll+0x357a1e]
V  [jvm.dll+0x357c4f]
V  [jvm.dll+0x2d7ad8]
V  [jvm.dll+0x2d5da4]
V  [jvm.dll+0x2d53ac]
V  [jvm.dll+0x318d0b]
V  [jvm.dll+0x7d484b]
V  [jvm.dll+0x7d5584]
V  [jvm.dll+0x7d5a9c]
V  [jvm.dll+0x7d5e74]
V  [jvm.dll+0x7d5f40]
V  [jvm.dll+0x77e91a]
V  [jvm.dll+0x66e845]
C  [ucrtbase.dll+0x214c2]
C  [KERNEL32.DLL+0x17034]
C  [ntdll.dll+0x4cec1]

VM_Operation (0x0000002b28df6cb0): G1CollectForAllocation, mode: safepoint, requested by thread 0x0000013448d8e320


---------------  P R O C E S S  ---------------

Threads class SMR info:
_java_thread_list=0x000001344bc244b0, length=90, elements={
0x0000013420e20640, 0x000001343e6d1b30, 0x000001343e6d48c0, 0x000001343e6ee6c0,
0x000001343e6f1fa0, 0x000001343e6f5400, 0x000001343e6f4a60, 0x000001343e702940,
0x000001343e705300, 0x000001343e706c10, 0x000001343e6f2d80, 0x000001343e6f4590,
0x000001343e6f58d0, 0x000001343e6f4f30, 0x000001343e6f3720, 0x000001343e6f5da0,
0x000001343e6f3bf0, 0x000001343e6f28b0, 0x000001343e6f40c0, 0x000001343e6f6270,
0x0000013440e13450, 0x0000013440e10dd0, 0x0000013440e11770, 0x0000013440e0c5a0,
0x0000013440e0ff60, 0x0000013440e12ab0, 0x0000013440e112a0, 0x0000013440e12110,
0x0000013440e0ec20, 0x0000013440e10430, 0x0000013440e0cf40, 0x0000013440e0c0d0,
0x0000013440e0e750, 0x0000013440e0ddb0, 0x0000013440e13920, 0x0000013440e0ca70,
0x0000013440e0d410, 0x0000013440e0d8e0, 0x0000013440e0e280, 0x0000013440e0f0f0,
0x0000013440e0fa90, 0x0000013440e10900, 0x00000134429b8430, 0x00000134429b92a0,
0x00000134429bdad0, 0x00000134429b9c40, 0x00000134429bcc60, 0x00000134429bd600,
0x00000134429b7f60, 0x00000134429bdfa0, 0x00000134429b8900, 0x00000134429ba5e0,
0x00000134429baab0, 0x00000134429b8dd0, 0x00000134429bee10, 0x00000134429bb450,
0x00000134429baf80, 0x00000134429bf2e0, 0x00000134429bc790, 0x000001343e6f3250,
0x0000013448d8e320, 0x0000013448d8cfe0, 0x0000013448d8c170, 0x0000013448d8cb10,
0x0000013448d8d4b0, 0x0000013448d8bca0, 0x0000013448d8ae30, 0x0000013448d8b300,
0x0000013448d8b7d0, 0x0000013448fb3700, 0x0000013448fb40a0, 0x0000013448fb1ef0,
0x0000013448fae060, 0x0000013448fb1a20, 0x0000013448fb4a40, 0x0000013448fb3230,
0x0000013448fb3bd0, 0x0000013448fb2d60, 0x0000013448faf3a0, 0x0000013448fb4570,
0x0000013448fb23c0, 0x0000013448fb0bb0, 0x0000013448fae530, 0x0000013448fafd40,
0x0000013448fb2890, 0x0000013448fb0210, 0x0000013448fb1080, 0x0000013448fb58b0,
0x0000013448fb4f10, 0x0000013445ba8950
}

Java Threads: ( => current thread )
  0x0000013420e20640 JavaThread "main" [_thread_blocked, id=1504, stack(0x0000002b24400000,0x0000002b24500000)]
  0x000001343e6d1b30 JavaThread "Reference Handler" daemon [_thread_blocked, id=12244, stack(0x0000002b24b00000,0x0000002b24c00000)]
  0x000001343e6d48c0 JavaThread "Finalizer" daemon [_thread_blocked, id=7876, stack(0x0000002b24c00000,0x0000002b24d00000)]
  0x000001343e6ee6c0 JavaThread "Signal Dispatcher" daemon [_thread_blocked, id=10888, stack(0x0000002b24d00000,0x0000002b24e00000)]
  0x000001343e6f1fa0 JavaThread "Attach Listener" daemon [_thread_blocked, id=9316, stack(0x0000002b24e00000,0x0000002b24f00000)]
  0x000001343e6f5400 JavaThread "Service Thread" daemon [_thread_blocked, id=5672, stack(0x0000002b24f00000,0x0000002b25000000)]
  0x000001343e6f4a60 JavaThread "Monitor Deflation Thread" daemon [_thread_blocked, id=1428, stack(0x0000002b25000000,0x0000002b25100000)]
  0x000001343e702940 JavaThread "C2 CompilerThread0" daemon [_thread_blocked, id=7048, stack(0x0000002b25100000,0x0000002b25200000)]
  0x000001343e705300 JavaThread "C1 CompilerThread0" daemon [_thread_blocked, id=4376, stack(0x0000002b25200000,0x0000002b25300000)]
  0x000001343e706c10 JavaThread "Sweeper thread" daemon [_thread_blocked, id=8248, stack(0x0000002b25300000,0x0000002b25400000)]
  0x000001343e6f2d80 JavaThread "Common-Cleaner" daemon [_thread_blocked, id=3704, stack(0x0000002b25400000,0x0000002b25500000)]
  0x000001343e6f4590 JavaThread "Notification Thread" daemon [_thread_blocked, id=4504, stack(0x0000002b25500000,0x0000002b25600000)]
  0x000001343e6f58d0 JavaThread "Daemon health stats" [_thread_blocked, id=2672, stack(0x0000002b25c00000,0x0000002b25d00000)]
  0x000001343e6f4f30 JavaThread "Incoming local TCP Connector on port 65279" [_thread_in_native, id=3760, stack(0x0000002b25d00000,0x0000002b25e00000)]
  0x000001343e6f3720 JavaThread "Daemon periodic checks" [_thread_blocked, id=10424, stack(0x0000002b25e00000,0x0000002b25f00000)]
  0x000001343e6f5da0 JavaThread "Daemon" [_thread_blocked, id=4920, stack(0x0000002b25f00000,0x0000002b26000000)]
  0x000001343e6f3bf0 JavaThread "Handler for socket connection from /127.0.0.1:65279 to /127.0.0.1:65280" [_thread_in_native, id=2692, stack(0x0000002b26000000,0x0000002b26100000)]
  0x000001343e6f28b0 JavaThread "Cancel handler" [_thread_blocked, id=4784, stack(0x0000002b26100000,0x0000002b26200000)]
  0x000001343e6f40c0 JavaThread "Daemon worker" [_thread_blocked, id=11136, stack(0x0000002b26200000,0x0000002b26300000)]
  0x000001343e6f6270 JavaThread "Asynchronous log dispatcher for DefaultDaemonConnection: socket connection from /127.0.0.1:65279 to /127.0.0.1:65280" [_thread_blocked, id=11188, stack(0x0000002b26300000,0x0000002b26400000)]
  0x0000013440e13450 JavaThread "Stdin handler" [_thread_blocked, id=9968, stack(0x0000002b26400000,0x0000002b26500000)]
  0x0000013440e10dd0 JavaThread "Daemon client event forwarder" [_thread_blocked, id=9308, stack(0x0000002b26500000,0x0000002b26600000)]
  0x0000013440e11770 JavaThread "Cache worker for journal cache (C:\Users\Administrator\.gradle\caches\journal-1)" [_thread_blocked, id=5392, stack(0x0000002b26600000,0x0000002b26700000)]
  0x0000013440e0c5a0 JavaThread "File lock request listener" [_thread_in_native, id=7956, stack(0x0000002b26700000,0x0000002b26800000)]
  0x0000013440e0ff60 JavaThread "Cache worker for file hash cache (C:\Users\Administrator\.gradle\caches\8.10\fileHashes)" [_thread_blocked, id=5340, stack(0x0000002b26800000,0x0000002b26900000)]
  0x0000013440e12ab0 JavaThread "Cache worker for file hash cache (D:\c7b9-app\.gradle\8.10\fileHashes)" [_thread_blocked, id=3576, stack(0x0000002b26900000,0x0000002b26a00000)]
  0x0000013440e112a0 JavaThread "Cache worker for Build Output Cleanup Cache (D:\c7b9-app\.gradle\buildOutputCleanup)" [_thread_blocked, id=12092, stack(0x0000002b26a00000,0x0000002b26b00000)]
  0x0000013440e12110 JavaThread "File watcher server" daemon [_thread_blocked, id=11888, stack(0x0000002b26b00000,0x0000002b26c00000)]
  0x0000013440e0ec20 JavaThread "File watcher consumer" daemon [_thread_blocked, id=11380, stack(0x0000002b26c00000,0x0000002b26d00000)]
  0x0000013440e10430 JavaThread "Cache worker for checksums cache (D:\c7b9-app\.gradle\8.10\checksums)" [_thread_blocked, id=1268, stack(0x0000002b26d00000,0x0000002b26e00000)]
  0x0000013440e0cf40 JavaThread "Cache worker for file content cache (C:\Users\Administrator\.gradle\caches\8.10\fileContent)" [_thread_blocked, id=7008, stack(0x0000002b26e00000,0x0000002b26f00000)]
  0x0000013440e0c0d0 JavaThread "Cache worker for cache directory md-rule (C:\Users\Administrator\.gradle\caches\8.10\md-rule)" [_thread_blocked, id=2204, stack(0x0000002b26f00000,0x0000002b27000000)]
  0x0000013440e0e750 JavaThread "Cache worker for cache directory md-supplier (C:\Users\Administrator\.gradle\caches\8.10\md-supplier)" [_thread_blocked, id=11804, stack(0x0000002b27000000,0x0000002b27100000)]
  0x0000013440e0ddb0 JavaThread "jar transforms" [_thread_blocked, id=1964, stack(0x0000002b27200000,0x0000002b27300000)]
  0x0000013440e13920 JavaThread "jar transforms Thread 2" [_thread_blocked, id=9792, stack(0x0000002b27300000,0x0000002b27400000)]
  0x0000013440e0ca70 JavaThread "jar transforms Thread 3" [_thread_blocked, id=11432, stack(0x0000002b27400000,0x0000002b27500000)]
  0x0000013440e0d410 JavaThread "Unconstrained build operations" [_thread_blocked, id=7212, stack(0x0000002b27500000,0x0000002b27600000)]
  0x0000013440e0d8e0 JavaThread "Unconstrained build operations Thread 2" [_thread_blocked, id=8676, stack(0x0000002b27600000,0x0000002b27700000)]
  0x0000013440e0e280 JavaThread "Unconstrained build operations Thread 3" [_thread_blocked, id=8236, stack(0x0000002b27700000,0x0000002b27800000)]
  0x0000013440e0f0f0 JavaThread "Unconstrained build operations Thread 4" [_thread_blocked, id=3712, stack(0x0000002b27800000,0x0000002b27900000)]
  0x0000013440e0fa90 JavaThread "Unconstrained build operations Thread 5" [_thread_blocked, id=8060, stack(0x0000002b27900000,0x0000002b27a00000)]
  0x0000013440e10900 JavaThread "Unconstrained build operations Thread 6" [_thread_blocked, id=10700, stack(0x0000002b27a00000,0x0000002b27b00000)]
  0x00000134429b8430 JavaThread "Unconstrained build operations Thread 7" [_thread_blocked, id=6908, stack(0x0000002b27b00000,0x0000002b27c00000)]
  0x00000134429b92a0 JavaThread "Unconstrained build operations Thread 8" [_thread_blocked, id=10560, stack(0x0000002b27c00000,0x0000002b27d00000)]
  0x00000134429bdad0 JavaThread "Unconstrained build operations Thread 9" [_thread_blocked, id=10292, stack(0x0000002b27d00000,0x0000002b27e00000)]
  0x00000134429b9c40 JavaThread "jar transforms Thread 4" [_thread_blocked, id=9040, stack(0x0000002b27e00000,0x0000002b27f00000)]
  0x00000134429bcc60 JavaThread "Unconstrained build operations Thread 10" [_thread_blocked, id=9808, stack(0x0000002b27f00000,0x0000002b28000000)]
  0x00000134429bd600 JavaThread "Unconstrained build operations Thread 11" [_thread_blocked, id=11788, stack(0x0000002b28000000,0x0000002b28100000)]
  0x00000134429b7f60 JavaThread "Unconstrained build operations Thread 12" [_thread_blocked, id=11816, stack(0x0000002b28100000,0x0000002b28200000)]
  0x00000134429bdfa0 JavaThread "Unconstrained build operations Thread 13" [_thread_blocked, id=4816, stack(0x0000002b28200000,0x0000002b28300000)]
  0x00000134429b8900 JavaThread "Unconstrained build operations Thread 14" [_thread_blocked, id=1752, stack(0x0000002b28300000,0x0000002b28400000)]
  0x00000134429ba5e0 JavaThread "Unconstrained build operations Thread 15" [_thread_blocked, id=10880, stack(0x0000002b28400000,0x0000002b28500000)]
  0x00000134429baab0 JavaThread "Unconstrained build operations Thread 16" [_thread_blocked, id=7256, stack(0x0000002b28500000,0x0000002b28600000)]
  0x00000134429b8dd0 JavaThread "Unconstrained build operations Thread 17" [_thread_blocked, id=10736, stack(0x0000002b28600000,0x0000002b28700000)]
  0x00000134429bee10 JavaThread "Unconstrained build operations Thread 18" [_thread_blocked, id=4192, stack(0x0000002b28700000,0x0000002b28800000)]
  0x00000134429bb450 JavaThread "build event listener" [_thread_blocked, id=9452, stack(0x0000002b28800000,0x0000002b28900000)]
  0x00000134429baf80 JavaThread "Memory manager" [_thread_blocked, id=6820, stack(0x0000002b28900000,0x0000002b28a00000)]
  0x00000134429bf2e0 JavaThread "build event listener" [_thread_blocked, id=2964, stack(0x0000002b28a00000,0x0000002b28b00000)]
  0x00000134429bc790 JavaThread "included builds" [_thread_blocked, id=10484, stack(0x0000002b28b00000,0x0000002b28c00000)]
  0x000001343e6f3250 JavaThread "Execution worker" [_thread_blocked, id=552, stack(0x0000002b28c00000,0x0000002b28d00000)]
  0x0000013448d8e320 JavaThread "Execution worker Thread 2" [_thread_blocked, id=11476, stack(0x0000002b28d00000,0x0000002b28e00000)]
  0x0000013448d8cfe0 JavaThread "Execution worker Thread 3" [_thread_blocked, id=10836, stack(0x0000002b28e00000,0x0000002b28f00000)]
  0x0000013448d8c170 JavaThread "Cache worker for execution history cache (D:\c7b9-app\.gradle\8.10\executionHistory)" [_thread_blocked, id=12112, stack(0x0000002b28f00000,0x0000002b29000000)]
  0x0000013448d8cb10 JavaThread "Unconstrained build operations Thread 19" [_thread_blocked, id=12192, stack(0x0000002b29000000,0x0000002b29100000)]
  0x0000013448d8d4b0 JavaThread "Unconstrained build operations Thread 20" [_thread_blocked, id=1432, stack(0x0000002b29100000,0x0000002b29200000)]
  0x0000013448d8bca0 JavaThread "Unconstrained build operations Thread 21" [_thread_blocked, id=7000, stack(0x0000002b29200000,0x0000002b29300000)]
  0x0000013448d8ae30 JavaThread "Unconstrained build operations Thread 22" [_thread_blocked, id=10376, stack(0x0000002b29300000,0x0000002b29400000)]
  0x0000013448d8b300 JavaThread "Unconstrained build operations Thread 23" [_thread_blocked, id=4824, stack(0x0000002b29400000,0x0000002b29500000)]
  0x0000013448d8b7d0 JavaThread "Unconstrained build operations Thread 24" [_thread_blocked, id=4168, stack(0x0000002b29500000,0x0000002b29600000)]
  0x0000013448fb3700 JavaThread "Unconstrained build operations Thread 25" [_thread_blocked, id=5344, stack(0x0000002b29600000,0x0000002b29700000)]
  0x0000013448fb40a0 JavaThread "Unconstrained build operations Thread 26" [_thread_blocked, id=7364, stack(0x0000002b29700000,0x0000002b29800000)]
  0x0000013448fb1ef0 JavaThread "Unconstrained build operations Thread 27" [_thread_blocked, id=11164, stack(0x0000002b29800000,0x0000002b29900000)]
  0x0000013448fae060 JavaThread "Unconstrained build operations Thread 28" [_thread_blocked, id=12012, stack(0x0000002b29900000,0x0000002b29a00000)]
  0x0000013448fb1a20 JavaThread "Unconstrained build operations Thread 29" [_thread_blocked, id=12156, stack(0x0000002b29a00000,0x0000002b29b00000)]
  0x0000013448fb4a40 JavaThread "Unconstrained build operations Thread 30" [_thread_blocked, id=3252, stack(0x0000002b29b00000,0x0000002b29c00000)]
  0x0000013448fb3230 JavaThread "Unconstrained build operations Thread 31" [_thread_blocked, id=7144, stack(0x0000002b29c00000,0x0000002b29d00000)]
  0x0000013448fb3bd0 JavaThread "WorkerExecutor Queue" [_thread_blocked, id=11456, stack(0x0000002b29d00000,0x0000002b29e00000)]
  0x0000013448fb2d60 JavaThread "Unconstrained build operations Thread 32" [_thread_blocked, id=7892, stack(0x0000002b29e00000,0x0000002b29f00000)]
  0x0000013448faf3a0 JavaThread "Unconstrained build operations Thread 33" [_thread_blocked, id=10672, stack(0x0000002b29f00000,0x0000002b2a000000)]
  0x0000013448fb4570 JavaThread "Unconstrained build operations Thread 34" [_thread_blocked, id=11732, stack(0x0000002b2a000000,0x0000002b2a100000)]
  0x0000013448fb23c0 JavaThread "Unconstrained build operations Thread 35" [_thread_blocked, id=5372, stack(0x0000002b2a100000,0x0000002b2a200000)]
  0x0000013448fb0bb0 JavaThread "Unconstrained build operations Thread 36" [_thread_blocked, id=8160, stack(0x0000002b2a200000,0x0000002b2a300000)]
  0x0000013448fae530 JavaThread "Unconstrained build operations Thread 37" [_thread_blocked, id=1580, stack(0x0000002b2a300000,0x0000002b2a400000)]
  0x0000013448fafd40 JavaThread "WorkerExecutor Queue Thread 2" [_thread_blocked, id=9444, stack(0x0000002b2a400000,0x0000002b2a500000)]
  0x0000013448fb2890 JavaThread "WorkerExecutor Queue Thread 3" [_thread_blocked, id=2584, stack(0x0000002b2a500000,0x0000002b2a600000)]
  0x0000013448fb0210 JavaThread "WorkerExecutor Queue Thread 4" [_thread_blocked, id=11548, stack(0x0000002b2a600000,0x0000002b2a700000)]
  0x0000013448fb1080 JavaThread "Unconstrained build operations Thread 38" [_thread_blocked, id=5452, stack(0x0000002b2a700000,0x0000002b2a800000)]
  0x0000013448fb58b0 JavaThread "Unconstrained build operations Thread 39" [_thread_blocked, id=11356, stack(0x0000002b2a800000,0x0000002b2a900000)]
  0x0000013448fb4f10 JavaThread "Unconstrained build operations Thread 40" [_thread_blocked, id=11168, stack(0x0000002b2a900000,0x0000002b2aa00000)]
  0x0000013445ba8950 JavaThread "C2 CompilerThread1" daemon [_thread_in_native, id=11280, stack(0x0000002b25700000,0x0000002b25800000)]

Other Threads:
=>0x000001343e6ce030 VMThread "VM Thread" [stack: 0x0000002b24a00000,0x0000002b24b00000] [id=7808]
  0x0000013420ec0fc0 WatcherThread [stack: 0x0000002b25600000,0x0000002b25700000] [id=11616]
  0x0000013420e610f0 GCTaskThread "GC Thread#0" [stack: 0x0000002b24500000,0x0000002b24600000] [id=5240]
  0x000001343f22da70 GCTaskThread "GC Thread#1" [stack: 0x0000002b25800000,0x0000002b25900000] [id=11252]
  0x000001343f2080e0 GCTaskThread "GC Thread#2" [stack: 0x0000002b25900000,0x0000002b25a00000] [id=9052]
  0x000001343f475fe0 GCTaskThread "GC Thread#3" [stack: 0x0000002b25a00000,0x0000002b25b00000] [id=9672]
  0x0000013420e71f40 ConcurrentGCThread "G1 Main Marker" [stack: 0x0000002b24600000,0x0000002b24700000] [id=1924]
  0x0000013420e73000 ConcurrentGCThread "G1 Conc#0" [stack: 0x0000002b24700000,0x0000002b24800000] [id=11620]
  0x0000013420efe720 ConcurrentGCThread "G1 Refine#0" [stack: 0x0000002b24800000,0x0000002b24900000] [id=10404]
  0x00000134402df3e0 ConcurrentGCThread "G1 Refine#1" [stack: 0x0000002b25b00000,0x0000002b25c00000] [id=10952]
  0x000001344334b8b0 ConcurrentGCThread "G1 Refine#2" [stack: 0x0000002b27100000,0x0000002b27200000] [id=6716]
  0x000001344351a0f0 ConcurrentGCThread "G1 Refine#3" [stack: 0x0000002b2aa00000,0x0000002b2ab00000] [id=9804]
  0x000001343e586230 ConcurrentGCThread "G1 Service" [stack: 0x0000002b24900000,0x0000002b24a00000] [id=10056]

Threads with active compile tasks:
C2 CompilerThread0    22021 17244       4       com.android.tools.r8.internal.K5::b (46 bytes)
C2 CompilerThread1    22021 17548       4       com.android.tools.r8.internal.CQ::a (273 bytes)

VM state: at safepoint (normal execution)

VM Mutex/Monitor currently owned by a thread:  ([mutex/lock_event])
[0x0000013420e1b7b0] Threads_lock - owner thread: 0x000001343e6ce030
[0x0000013420e1c800] Heap_lock - owner thread: 0x0000013448d8e320

Heap address: 0x0000000080000000, size: 2048 MB, Compressed Oops mode: 32-bit

CDS archive(s) mapped at: [0x0000000800000000-0x0000000800bc0000-0x0000000800bc0000), size 12320768, SharedBaseAddress: 0x0000000800000000, ArchiveRelocationMode: 0.
Compressed class space mapped at: 0x0000000800c00000-0x0000000840c00000, reserved size: 1073741824
Narrow klass base: 0x0000000800000000, Narrow klass shift: 0, Narrow klass range: 0x100000000

GC Precious Log:
 CPUs: 4 total, 4 available
 Memory: 8125M
 Large Page Support: Disabled
 NUMA Support: Disabled
 Compressed Oops: Enabled (32-bit)
 Heap Region Size: 1M
 Heap Min Capacity: 8M
 Heap Initial Capacity: 128M
 Heap Max Capacity: 2G
 Pre-touch: Disabled
 Parallel Workers: 4
 Concurrent Workers: 1
 Concurrent Refinement Workers: 4
 Periodic GC: Disabled

Heap:
 garbage-first heap   total 322560K, used 168298K [0x0000000080000000, 0x0000000100000000)
  region size 1024K, 6 young (6144K), 6 survivors (6144K)
 Metaspace       used 115030K, committed 115904K, reserved 1155072K
  class space    used 15877K, committed 16320K, reserved 1048576K

Heap Regions: E=young(eden), S=young(survivor), O=old, HS=humongous(starts), HC=humongous(continues), CS=collection set, F=free, OA=open archive, CA=closed archive, TAMS=top-at-mark-start (previous, next)
|   0|0x0000000080000000, 0x0000000080100000, 0x0000000080100000|100%|HS|  |TAMS 0x0000000080100000, 0x0000000080000000| Complete 
|   1|0x0000000080100000, 0x0000000080200000, 0x0000000080200000|100%|HC|  |TAMS 0x0000000080200000, 0x0000000080100000| Complete 
|   2|0x0000000080200000, 0x0000000080300000, 0x0000000080300000|100%|HC|  |TAMS 0x0000000080300000, 0x0000000080200000| Complete 
|   3|0x0000000080300000, 0x0000000080400000, 0x0000000080400000|100%|HC|  |TAMS 0x0000000080400000, 0x0000000080300000| Complete 
|   4|0x0000000080400000, 0x0000000080500000, 0x0000000080500000|100%| O|  |TAMS 0x0000000080500000, 0x0000000080400000| Untracked 
|   5|0x0000000080500000, 0x0000000080600000, 0x0000000080600000|100%| O|  |TAMS 0x0000000080600000, 0x0000000080500000| Untracked 
|   6|0x0000000080600000, 0x0000000080700000, 0x0000000080700000|100%| O|  |TAMS 0x0000000080700000, 0x0000000080600000| Untracked 
|   7|0x0000000080700000, 0x0000000080800000, 0x0000000080800000|100%| O|  |TAMS 0x0000000080800000, 0x0000000080700000| Untracked 
|   8|0x0000000080800000, 0x0000000080900000, 0x0000000080900000|100%|HS|  |TAMS 0x0000000080900000, 0x0000000080800000| Complete 
|   9|0x0000000080900000, 0x0000000080a00000, 0x0000000080a00000|100%| O|  |TAMS 0x0000000080a00000, 0x0000000080900000| Untracked 
|  10|0x0000000080a00000, 0x0000000080b00000, 0x0000000080b00000|100%| O|  |TAMS 0x0000000080b00000, 0x0000000080a00000| Untracked 
|  11|0x0000000080b00000, 0x0000000080c00000, 0x0000000080c00000|100%| O|  |TAMS 0x0000000080c00000, 0x0000000080b00000| Untracked 
|  12|0x0000000080c00000, 0x0000000080d00000, 0x0000000080d00000|100%| O|  |TAMS 0x0000000080d00000, 0x0000000080c00000| Untracked 
|  13|0x0000000080d00000, 0x0000000080e00000, 0x0000000080e00000|100%| O|  |TAMS 0x0000000080e00000, 0x0000000080d00000| Untracked 
|  14|0x0000000080e00000, 0x0000000080f00000, 0x0000000080f00000|100%| O|  |TAMS 0x0000000080f00000, 0x0000000080e00000| Untracked 
|  15|0x0000000080f00000, 0x0000000081000000, 0x0000000081000000|100%| O|  |TAMS 0x0000000081000000, 0x0000000080f00000| Untracked 
|  16|0x0000000081000000, 0x0000000081100000, 0x0000000081100000|100%| O|  |TAMS 0x0000000081100000, 0x0000000081000000| Untracked 
|  17|0x0000000081100000, 0x0000000081200000, 0x0000000081200000|100%| O|  |TAMS 0x0000000081200000, 0x0000000081100000| Untracked 
|  18|0x0000000081200000, 0x0000000081300000, 0x0000000081300000|100%| O|  |TAMS 0x0000000081300000, 0x0000000081200000| Untracked 
|  19|0x0000000081300000, 0x0000000081400000, 0x0000000081400000|100%| O|  |TAMS 0x0000000081400000, 0x0000000081300000| Untracked 
|  20|0x0000000081400000, 0x0000000081500000, 0x0000000081500000|100%| O|  |TAMS 0x0000000081500000, 0x0000000081400000| Untracked 
|  21|0x0000000081500000, 0x0000000081600000, 0x0000000081600000|100%| O|  |TAMS 0x0000000081600000, 0x0000000081500000| Untracked 
|  22|0x0000000081600000, 0x0000000081700000, 0x0000000081700000|100%| O|  |TAMS 0x0000000081700000, 0x0000000081600000| Untracked 
|  23|0x0000000081700000, 0x0000000081800000, 0x0000000081800000|100%| O|  |TAMS 0x0000000081800000, 0x0000000081700000| Untracked 
|  24|0x0000000081800000, 0x0000000081900000, 0x0000000081900000|100%| O|  |TAMS 0x0000000081900000, 0x0000000081800000| Untracked 
|  25|0x0000000081900000, 0x0000000081a00000, 0x0000000081a00000|100%| O|  |TAMS 0x0000000081a00000, 0x0000000081900000| Untracked 
|  26|0x0000000081a00000, 0x0000000081b00000, 0x0000000081b00000|100%| O|  |TAMS 0x0000000081b00000, 0x0000000081a00000| Untracked 
|  27|0x0000000081b00000, 0x0000000081c00000, 0x0000000081c00000|100%| O|  |TAMS 0x0000000081c00000, 0x0000000081b00000| Untracked 
|  28|0x0000000081c00000, 0x0000000081d00000, 0x0000000081d00000|100%| O|  |TAMS 0x0000000081d00000, 0x0000000081c00000| Untracked 
|  29|0x0000000081d00000, 0x0000000081e00000, 0x0000000081e00000|100%| O|  |TAMS 0x0000000081e00000, 0x0000000081d00000| Untracked 
|  30|0x0000000081e00000, 0x0000000081f00000, 0x0000000081f00000|100%| O|  |TAMS 0x0000000081f00000, 0x0000000081e00000| Untracked 
|  31|0x0000000081f00000, 0x0000000082000000, 0x0000000082000000|100%| O|  |TAMS 0x0000000082000000, 0x0000000081f00000| Untracked 
|  32|0x0000000082000000, 0x0000000082100000, 0x0000000082100000|100%| O|  |TAMS 0x0000000082100000, 0x0000000082000000| Untracked 
|  33|0x0000000082100000, 0x0000000082200000, 0x0000000082200000|100%| O|  |TAMS 0x0000000082200000, 0x0000000082100000| Untracked 
|  34|0x0000000082200000, 0x0000000082300000, 0x0000000082300000|100%| O|  |TAMS 0x0000000082300000, 0x0000000082200000| Untracked 
|  35|0x0000000082300000, 0x0000000082400000, 0x0000000082400000|100%| O|  |TAMS 0x0000000082400000, 0x0000000082300000| Untracked 
|  36|0x0000000082400000, 0x0000000082500000, 0x0000000082500000|100%| O|  |TAMS 0x0000000082500000, 0x0000000082400000| Untracked 
|  37|0x0000000082500000, 0x0000000082600000, 0x0000000082600000|100%| O|  |TAMS 0x0000000082600000, 0x0000000082500000| Untracked 
|  38|0x0000000082600000, 0x0000000082700000, 0x0000000082700000|100%| O|  |TAMS 0x0000000082700000, 0x0000000082600000| Untracked 
|  39|0x0000000082700000, 0x0000000082800000, 0x0000000082800000|100%| O|  |TAMS 0x0000000082800000, 0x0000000082700000| Untracked 
|  40|0x0000000082800000, 0x0000000082900000, 0x0000000082900000|100%| O|  |TAMS 0x0000000082900000, 0x0000000082800000| Untracked 
|  41|0x0000000082900000, 0x0000000082a00000, 0x0000000082a00000|100%| O|  |TAMS 0x0000000082a00000, 0x0000000082900000| Untracked 
|  42|0x0000000082a00000, 0x0000000082b00000, 0x0000000082b00000|100%| O|  |TAMS 0x0000000082a00000, 0x0000000082a00000| Untracked 
|  43|0x0000000082b00000, 0x0000000082c00000, 0x0000000082c00000|100%|HS|  |TAMS 0x0000000082c00000, 0x0000000082b00000| Complete 
|  44|0x0000000082c00000, 0x0000000082d00000, 0x0000000082d00000|100%|HS|  |TAMS 0x0000000082d00000, 0x0000000082c00000| Complete 
|  45|0x0000000082d00000, 0x0000000082e00000, 0x0000000082e00000|100%|HS|  |TAMS 0x0000000082e00000, 0x0000000082d00000| Complete 
|  46|0x0000000082e00000, 0x0000000082f00000, 0x0000000082f00000|100%|HS|  |TAMS 0x0000000082f00000, 0x0000000082e00000| Complete 
|  47|0x0000000082f00000, 0x0000000083000000, 0x0000000083000000|100%|HS|  |TAMS 0x0000000083000000, 0x0000000082f00000| Complete 
|  48|0x0000000083000000, 0x0000000083100000, 0x0000000083100000|100%| O|  |TAMS 0x0000000083000000, 0x0000000083000000| Untracked 
|  49|0x0000000083100000, 0x0000000083200000, 0x0000000083200000|100%| O|  |TAMS 0x0000000083100000, 0x0000000083100000| Untracked 
|  50|0x0000000083200000, 0x0000000083300000, 0x0000000083300000|100%| O|  |TAMS 0x0000000083300000, 0x0000000083200000| Untracked 
|  51|0x0000000083300000, 0x0000000083400000, 0x0000000083400000|100%|HS|  |TAMS 0x0000000083400000, 0x0000000083300000| Complete 
|  52|0x0000000083400000, 0x0000000083500000, 0x0000000083500000|100%| O|  |TAMS 0x0000000083500000, 0x0000000083400000| Untracked 
|  53|0x0000000083500000, 0x0000000083600000, 0x0000000083600000|100%| O|  |TAMS 0x0000000083600000, 0x0000000083500000| Untracked 
|  54|0x0000000083600000, 0x0000000083700000, 0x0000000083700000|100%| O|  |TAMS 0x0000000083700000, 0x0000000083600000| Untracked 
|  55|0x0000000083700000, 0x0000000083800000, 0x0000000083800000|100%| O|  |TAMS 0x0000000083800000, 0x0000000083700000| Untracked 
|  56|0x0000000083800000, 0x0000000083900000, 0x0000000083900000|100%| O|  |TAMS 0x0000000083900000, 0x0000000083800000| Untracked 
|  57|0x0000000083900000, 0x0000000083a00000, 0x0000000083a00000|100%| O|  |TAMS 0x0000000083a00000, 0x0000000083900000| Untracked 
|  58|0x0000000083a00000, 0x0000000083b00000, 0x0000000083b00000|100%| O|  |TAMS 0x0000000083b00000, 0x0000000083a00000| Untracked 
|  59|0x0000000083b00000, 0x0000000083c00000, 0x0000000083c00000|100%| O|  |TAMS 0x0000000083c00000, 0x0000000083b00000| Untracked 
|  60|0x0000000083c00000, 0x0000000083d00000, 0x0000000083d00000|100%| O|  |TAMS 0x0000000083d00000, 0x0000000083c00000| Untracked 
|  61|0x0000000083d00000, 0x0000000083e00000, 0x0000000083e00000|100%| O|  |TAMS 0x0000000083e00000, 0x0000000083d00000| Untracked 
|  62|0x0000000083e00000, 0x0000000083f00000, 0x0000000083f00000|100%| O|  |TAMS 0x0000000083f00000, 0x0000000083e00000| Untracked 
|  63|0x0000000083f00000, 0x0000000084000000, 0x0000000084000000|100%|HS|  |TAMS 0x0000000084000000, 0x0000000083f00000| Complete 
|  64|0x0000000084000000, 0x0000000084100000, 0x0000000084100000|100%|HS|  |TAMS 0x0000000084100000, 0x0000000084000000| Complete 
|  65|0x0000000084100000, 0x0000000084200000, 0x0000000084200000|100%|HC|  |TAMS 0x0000000084200000, 0x0000000084100000| Complete 
|  66|0x0000000084200000, 0x0000000084300000, 0x0000000084300000|100%|HC|  |TAMS 0x0000000084300000, 0x0000000084200000| Complete 
|  67|0x0000000084300000, 0x0000000084400000, 0x0000000084400000|100%|HS|  |TAMS 0x0000000084400000, 0x0000000084300000| Complete 
|  68|0x0000000084400000, 0x0000000084500000, 0x0000000084500000|100%|HC|  |TAMS 0x0000000084500000, 0x0000000084400000| Complete 
|  69|0x0000000084500000, 0x0000000084600000, 0x0000000084600000|100%|HC|  |TAMS 0x0000000084600000, 0x0000000084500000| Complete 
|  70|0x0000000084600000, 0x0000000084700000, 0x0000000084700000|100%| O|  |TAMS 0x0000000084700000, 0x0000000084600000| Untracked 
|  71|0x0000000084700000, 0x0000000084800000, 0x0000000084800000|100%| O|  |TAMS 0x0000000084800000, 0x0000000084700000| Untracked 
|  72|0x0000000084800000, 0x0000000084900000, 0x0000000084900000|100%| O|  |TAMS 0x0000000084900000, 0x0000000084800000| Untracked 
|  73|0x0000000084900000, 0x0000000084a00000, 0x0000000084a00000|100%| O|  |TAMS 0x0000000084a00000, 0x0000000084900000| Untracked 
|  74|0x0000000084a00000, 0x0000000084b00000, 0x0000000084b00000|100%| O|  |TAMS 0x0000000084b00000, 0x0000000084a00000| Untracked 
|  75|0x0000000084b00000, 0x0000000084c00000, 0x0000000084c00000|100%| O|  |TAMS 0x0000000084c00000, 0x0000000084b00000| Untracked 
|  76|0x0000000084c00000, 0x0000000084d00000, 0x0000000084d00000|100%| O|  |TAMS 0x0000000084d00000, 0x0000000084c00000| Untracked 
|  77|0x0000000084d00000, 0x0000000084e00000, 0x0000000084e00000|100%| O|  |TAMS 0x0000000084e00000, 0x0000000084d00000| Untracked 
|  78|0x0000000084e00000, 0x0000000084f00000, 0x0000000084f00000|100%| O|  |TAMS 0x0000000084f00000, 0x0000000084e00000| Untracked 
|  79|0x0000000084f00000, 0x0000000085000000, 0x0000000085000000|100%| O|  |TAMS 0x0000000085000000, 0x0000000084f00000| Untracked 
|  80|0x0000000085000000, 0x0000000085100000, 0x0000000085100000|100%| O|  |TAMS 0x0000000085100000, 0x0000000085000000| Untracked 
|  81|0x0000000085100000, 0x0000000085200000, 0x0000000085200000|100%| O|  |TAMS 0x0000000085200000, 0x0000000085100000| Untracked 
|  82|0x0000000085200000, 0x0000000085300000, 0x0000000085300000|100%| O|  |TAMS 0x0000000085300000, 0x0000000085200000| Untracked 
|  83|0x0000000085300000, 0x0000000085400000, 0x0000000085400000|100%| O|  |TAMS 0x0000000085400000, 0x0000000085300000| Untracked 
|  84|0x0000000085400000, 0x0000000085500000, 0x0000000085500000|100%| O|  |TAMS 0x0000000085500000, 0x0000000085400000| Untracked 
|  85|0x0000000085500000, 0x0000000085600000, 0x0000000085600000|100%| O|  |TAMS 0x0000000085600000, 0x0000000085500000| Untracked 
|  86|0x0000000085600000, 0x0000000085700000, 0x0000000085700000|100%| O|  |TAMS 0x0000000085700000, 0x0000000085600000| Untracked 
|  87|0x0000000085700000, 0x0000000085800000, 0x0000000085800000|100%| O|  |TAMS 0x0000000085800000, 0x0000000085700000| Untracked 
|  88|0x0000000085800000, 0x0000000085900000, 0x0000000085900000|100%| O|  |TAMS 0x0000000085900000, 0x0000000085800000| Untracked 
|  89|0x0000000085900000, 0x0000000085a00000, 0x0000000085a00000|100%| O|  |TAMS 0x0000000085a00000, 0x0000000085900000| Untracked 
|  90|0x0000000085a00000, 0x0000000085b00000, 0x0000000085b00000|100%| O|  |TAMS 0x0000000085b00000, 0x0000000085a00000| Untracked 
|  91|0x0000000085b00000, 0x0000000085c00000, 0x0000000085c00000|100%| O|  |TAMS 0x0000000085c00000, 0x0000000085b00000| Untracked 
|  92|0x0000000085c00000, 0x0000000085d00000, 0x0000000085d00000|100%| O|  |TAMS 0x0000000085d00000, 0x0000000085c00000| Untracked 
|  93|0x0000000085d00000, 0x0000000085e00000, 0x0000000085e00000|100%| O|  |TAMS 0x0000000085e00000, 0x0000000085d00000| Untracked 
|  94|0x0000000085e00000, 0x0000000085f00000, 0x0000000085f00000|100%| O|  |TAMS 0x0000000085f00000, 0x0000000085e00000| Untracked 
|  95|0x0000000085f00000, 0x0000000086000000, 0x0000000086000000|100%| O|  |TAMS 0x0000000086000000, 0x0000000085f00000| Untracked 
|  96|0x0000000086000000, 0x0000000086100000, 0x0000000086100000|100%| O|  |TAMS 0x0000000086100000, 0x0000000086000000| Untracked 
|  97|0x0000000086100000, 0x0000000086200000, 0x0000000086200000|100%| O|  |TAMS 0x0000000086200000, 0x0000000086100000| Untracked 
|  98|0x0000000086200000, 0x0000000086300000, 0x0000000086300000|100%| O|  |TAMS 0x0000000086300000, 0x0000000086200000| Untracked 
|  99|0x0000000086300000, 0x0000000086400000, 0x0000000086400000|100%| O|  |TAMS 0x0000000086400000, 0x0000000086300000| Untracked 
| 100|0x0000000086400000, 0x0000000086500000, 0x0000000086500000|100%| O|  |TAMS 0x0000000086500000, 0x0000000086400000| Untracked 
| 101|0x0000000086500000, 0x0000000086600000, 0x0000000086600000|100%| O|  |TAMS 0x0000000086600000, 0x0000000086500000| Untracked 
| 102|0x0000000086600000, 0x0000000086700000, 0x0000000086700000|100%| O|  |TAMS 0x0000000086700000, 0x0000000086600000| Untracked 
| 103|0x0000000086700000, 0x0000000086800000, 0x0000000086800000|100%| O|  |TAMS 0x0000000086800000, 0x0000000086700000| Untracked 
| 104|0x0000000086800000, 0x0000000086900000, 0x0000000086900000|100%| O|  |TAMS 0x0000000086900000, 0x0000000086800000| Untracked 
| 105|0x0000000086900000, 0x0000000086a00000, 0x0000000086a00000|100%| O|  |TAMS 0x0000000086900000, 0x0000000086900000| Untracked 
| 106|0x0000000086a00000, 0x0000000086b00000, 0x0000000086b00000|100%| O|  |TAMS 0x0000000086a00000, 0x0000000086a00000| Untracked 
| 107|0x0000000086b00000, 0x0000000086c00000, 0x0000000086c00000|100%| O|  |TAMS 0x0000000086b00000, 0x0000000086b00000| Untracked 
| 108|0x0000000086c00000, 0x0000000086d00000, 0x0000000086d00000|100%| O|  |TAMS 0x0000000086c00000, 0x0000000086c00000| Untracked 
| 109|0x0000000086d00000, 0x0000000086e00000, 0x0000000086e00000|100%| O|  |TAMS 0x0000000086d00000, 0x0000000086d00000| Untracked 
| 110|0x0000000086e00000, 0x0000000086f00000, 0x0000000086f00000|100%| O|  |TAMS 0x0000000086e00000, 0x0000000086e00000| Untracked 
| 111|0x0000000086f00000, 0x0000000087000000, 0x0000000087000000|100%| O|  |TAMS 0x0000000086f00000, 0x0000000086f00000| Untracked 
| 112|0x0000000087000000, 0x0000000087100000, 0x0000000087100000|100%| O|  |TAMS 0x0000000087000000, 0x0000000087000000| Untracked 
| 113|0x0000000087100000, 0x0000000087200000, 0x0000000087200000|100%| O|  |TAMS 0x0000000087100000, 0x0000000087100000| Untracked 
| 114|0x0000000087200000, 0x0000000087300000, 0x0000000087300000|100%| O|  |TAMS 0x0000000087200000, 0x0000000087200000| Untracked 
| 115|0x0000000087300000, 0x0000000087400000, 0x0000000087400000|100%| O|  |TAMS 0x0000000087300000, 0x0000000087300000| Untracked 
| 116|0x0000000087400000, 0x0000000087500000, 0x0000000087500000|100%| O|  |TAMS 0x0000000087400000, 0x0000000087400000| Untracked 
| 117|0x0000000087500000, 0x0000000087600000, 0x0000000087600000|100%| O|  |TAMS 0x0000000087500000, 0x0000000087500000| Untracked 
| 118|0x0000000087600000, 0x0000000087700000, 0x0000000087700000|100%| O|  |TAMS 0x0000000087600000, 0x0000000087600000| Untracked 
| 119|0x0000000087700000, 0x0000000087800000, 0x0000000087800000|100%| O|  |TAMS 0x0000000087700000, 0x0000000087700000| Untracked 
| 120|0x0000000087800000, 0x0000000087900000, 0x0000000087900000|100%| O|  |TAMS 0x0000000087800000, 0x0000000087800000| Untracked 
| 121|0x0000000087900000, 0x0000000087a00000, 0x0000000087a00000|100%| O|  |TAMS 0x0000000087900000, 0x0000000087900000| Untracked 
| 122|0x0000000087a00000, 0x0000000087b00000, 0x0000000087b00000|100%| O|  |TAMS 0x0000000087a00000, 0x0000000087a00000| Untracked 
| 123|0x0000000087b00000, 0x0000000087c00000, 0x0000000087c00000|100%| O|  |TAMS 0x0000000087b00000, 0x0000000087b00000| Untracked 
| 124|0x0000000087c00000, 0x0000000087d00000, 0x0000000087d00000|100%| O|  |TAMS 0x0000000087c00000, 0x0000000087c00000| Untracked 
| 125|0x0000000087d00000, 0x0000000087e00000, 0x0000000087e00000|100%| O|  |TAMS 0x0000000087d00000, 0x0000000087d00000| Untracked 
| 126|0x0000000087e00000, 0x0000000087f00000, 0x0000000087f00000|100%| O|  |TAMS 0x0000000087e00000, 0x0000000087e00000| Untracked 
| 127|0x0000000087f00000, 0x0000000088000000, 0x0000000088000000|100%| O|  |TAMS 0x0000000087f00000, 0x0000000087f00000| Untracked 
| 128|0x0000000088000000, 0x0000000088100000, 0x0000000088100000|100%| O|  |TAMS 0x0000000088000000, 0x0000000088000000| Untracked 
| 129|0x0000000088100000, 0x0000000088200000, 0x0000000088200000|100%| O|  |TAMS 0x0000000088100000, 0x0000000088100000| Untracked 
| 130|0x0000000088200000, 0x0000000088300000, 0x0000000088300000|100%| O|  |TAMS 0x0000000088200000, 0x0000000088200000| Untracked 
| 131|0x0000000088300000, 0x0000000088400000, 0x0000000088400000|100%| O|  |TAMS 0x0000000088300000, 0x0000000088300000| Untracked 
| 132|0x0000000088400000, 0x0000000088500000, 0x0000000088500000|100%| O|  |TAMS 0x0000000088400000, 0x0000000088400000| Untracked 
| 133|0x0000000088500000, 0x0000000088600000, 0x0000000088600000|100%| O|  |TAMS 0x0000000088500000, 0x0000000088500000| Untracked 
| 134|0x0000000088600000, 0x0000000088700000, 0x0000000088700000|100%| O|  |TAMS 0x0000000088600000, 0x0000000088600000| Untracked 
| 135|0x0000000088700000, 0x0000000088800000, 0x0000000088800000|100%| O|  |TAMS 0x0000000088700000, 0x0000000088700000| Untracked 
| 136|0x0000000088800000, 0x0000000088900000, 0x0000000088900000|100%| O|  |TAMS 0x0000000088800000, 0x0000000088800000| Untracked 
| 137|0x0000000088900000, 0x0000000088a00000, 0x0000000088a00000|100%| O|  |TAMS 0x0000000088900000, 0x0000000088900000| Untracked 
| 138|0x0000000088a00000, 0x0000000088b00000, 0x0000000088b00000|100%| O|  |TAMS 0x0000000088a00000, 0x0000000088a00000| Untracked 
| 139|0x0000000088b00000, 0x0000000088c00000, 0x0000000088c00000|100%| O|  |TAMS 0x0000000088b00000, 0x0000000088b00000| Untracked 
| 140|0x0000000088c00000, 0x0000000088d00000, 0x0000000088d00000|100%| O|  |TAMS 0x0000000088c00000, 0x0000000088c00000| Untracked 
| 141|0x0000000088d00000, 0x0000000088e00000, 0x0000000088e00000|100%| O|  |TAMS 0x0000000088d00000, 0x0000000088d00000| Untracked 
| 142|0x0000000088e00000, 0x0000000088f00000, 0x0000000088f00000|100%| O|  |TAMS 0x0000000088e00000, 0x0000000088e00000| Untracked 
| 143|0x0000000088f00000, 0x0000000089000000, 0x0000000089000000|100%| O|  |TAMS 0x0000000088f00000, 0x0000000088f00000| Untracked 
| 144|0x0000000089000000, 0x0000000089100000, 0x0000000089100000|100%| O|  |TAMS 0x0000000089000000, 0x0000000089000000| Untracked 
| 145|0x0000000089100000, 0x0000000089200000, 0x0000000089200000|100%| O|  |TAMS 0x0000000089100000, 0x0000000089100000| Untracked 
| 146|0x0000000089200000, 0x0000000089300000, 0x0000000089300000|100%| O|  |TAMS 0x0000000089200000, 0x0000000089200000| Untracked 
| 147|0x0000000089300000, 0x0000000089400000, 0x0000000089400000|100%| O|  |TAMS 0x0000000089300000, 0x0000000089300000| Untracked 
| 148|0x0000000089400000, 0x0000000089500000, 0x0000000089500000|100%| O|  |TAMS 0x0000000089400000, 0x0000000089400000| Untracked 
| 149|0x0000000089500000, 0x0000000089600000, 0x0000000089600000|100%| O|  |TAMS 0x0000000089500000, 0x0000000089500000| Untracked 
| 150|0x0000000089600000, 0x0000000089700000, 0x0000000089700000|100%| O|  |TAMS 0x0000000089600000, 0x0000000089600000| Untracked 
| 151|0x0000000089700000, 0x0000000089800000, 0x0000000089800000|100%| O|  |TAMS 0x0000000089700000, 0x0000000089700000| Untracked 
| 152|0x0000000089800000, 0x0000000089900000, 0x0000000089900000|100%| O|  |TAMS 0x0000000089800000, 0x0000000089800000| Untracked 
| 153|0x0000000089900000, 0x0000000089a00000, 0x0000000089a00000|100%| O|  |TAMS 0x0000000089900000, 0x0000000089900000| Untracked 
| 154|0x0000000089a00000, 0x0000000089b00000, 0x0000000089b00000|100%| O|  |TAMS 0x0000000089a00000, 0x0000000089a00000| Untracked 
| 155|0x0000000089b00000, 0x0000000089c00000, 0x0000000089c00000|100%| O|  |TAMS 0x0000000089b00000, 0x0000000089b00000| Untracked 
| 156|0x0000000089c00000, 0x0000000089d00000, 0x0000000089d00000|100%| O|  |TAMS 0x0000000089c00000, 0x0000000089c00000| Untracked 
| 157|0x0000000089d00000, 0x0000000089e00000, 0x0000000089e00000|100%| O|  |TAMS 0x0000000089d00000, 0x0000000089d00000| Untracked 
| 158|0x0000000089e00000, 0x0000000089f00000, 0x0000000089f00000|100%| O|  |TAMS 0x0000000089e00000, 0x0000000089e00000| Untracked 
| 159|0x0000000089f00000, 0x0000000089f00000, 0x000000008a000000|  0%| F|  |TAMS 0x0000000089f00000, 0x0000000089f00000| Untracked 
| 160|0x000000008a000000, 0x000000008a000000, 0x000000008a100000|  0%| F|  |TAMS 0x000000008a000000, 0x000000008a000000| Untracked 
| 161|0x000000008a100000, 0x000000008a100000, 0x000000008a200000|  0%| F|  |TAMS 0x000000008a100000, 0x000000008a100000| Untracked 
| 162|0x000000008a200000, 0x000000008a200000, 0x000000008a300000|  0%| F|  |TAMS 0x000000008a200000, 0x000000008a200000| Untracked 
| 163|0x000000008a300000, 0x000000008a300000, 0x000000008a400000|  0%| F|  |TAMS 0x000000008a300000, 0x000000008a300000| Untracked 
| 164|0x000000008a400000, 0x000000008a400000, 0x000000008a500000|  0%| F|  |TAMS 0x000000008a400000, 0x000000008a400000| Untracked 
| 165|0x000000008a500000, 0x000000008a500000, 0x000000008a600000|  0%| F|  |TAMS 0x000000008a500000, 0x000000008a500000| Untracked 
| 166|0x000000008a600000, 0x000000008a600000, 0x000000008a700000|  0%| F|  |TAMS 0x000000008a600000, 0x000000008a600000| Untracked 
| 167|0x000000008a700000, 0x000000008a700000, 0x000000008a800000|  0%| F|  |TAMS 0x000000008a700000, 0x000000008a700000| Untracked 
| 168|0x000000008a800000, 0x000000008a800000, 0x000000008a900000|  0%| F|  |TAMS 0x000000008a800000, 0x000000008a800000| Untracked 
| 169|0x000000008a900000, 0x000000008a900000, 0x000000008aa00000|  0%| F|  |TAMS 0x000000008a900000, 0x000000008a900000| Untracked 
| 170|0x000000008aa00000, 0x000000008aa00000, 0x000000008ab00000|  0%| F|  |TAMS 0x000000008aa00000, 0x000000008aa00000| Untracked 
| 171|0x000000008ab00000, 0x000000008ab00000, 0x000000008ac00000|  0%| F|  |TAMS 0x000000008ab00000, 0x000000008ab00000| Untracked 
| 172|0x000000008ac00000, 0x000000008ac00000, 0x000000008ad00000|  0%| F|  |TAMS 0x000000008ac00000, 0x000000008ac00000| Untracked 
| 173|0x000000008ad00000, 0x000000008ad00000, 0x000000008ae00000|  0%| F|  |TAMS 0x000000008ad00000, 0x000000008ad00000| Untracked 
| 174|0x000000008ae00000, 0x000000008ae00000, 0x000000008af00000|  0%| F|  |TAMS 0x000000008ae00000, 0x000000008ae00000| Untracked 
| 175|0x000000008af00000, 0x000000008af00000, 0x000000008b000000|  0%| F|  |TAMS 0x000000008af00000, 0x000000008af00000| Untracked 
| 176|0x000000008b000000, 0x000000008b000000, 0x000000008b100000|  0%| F|  |TAMS 0x000000008b000000, 0x000000008b000000| Untracked 
| 177|0x000000008b100000, 0x000000008b100000, 0x000000008b200000|  0%| F|  |TAMS 0x000000008b100000, 0x000000008b100000| Untracked 
| 178|0x000000008b200000, 0x000000008b200000, 0x000000008b300000|  0%| F|  |TAMS 0x000000008b200000, 0x000000008b200000| Untracked 
| 179|0x000000008b300000, 0x000000008b300000, 0x000000008b400000|  0%| F|  |TAMS 0x000000008b300000, 0x000000008b300000| Untracked 
| 180|0x000000008b400000, 0x000000008b400000, 0x000000008b500000|  0%| F|  |TAMS 0x000000008b400000, 0x000000008b400000| Untracked 
| 181|0x000000008b500000, 0x000000008b500000, 0x000000008b600000|  0%| F|  |TAMS 0x000000008b500000, 0x000000008b500000| Untracked 
| 182|0x000000008b600000, 0x000000008b600000, 0x000000008b700000|  0%| F|  |TAMS 0x000000008b600000, 0x000000008b600000| Untracked 
| 183|0x000000008b700000, 0x000000008b700000, 0x000000008b800000|  0%| F|  |TAMS 0x000000008b700000, 0x000000008b700000| Untracked 
| 184|0x000000008b800000, 0x000000008b800000, 0x000000008b900000|  0%| F|  |TAMS 0x000000008b800000, 0x000000008b800000| Untracked 
| 185|0x000000008b900000, 0x000000008b900000, 0x000000008ba00000|  0%| F|  |TAMS 0x000000008b900000, 0x000000008b900000| Untracked 
| 186|0x000000008ba00000, 0x000000008ba00000, 0x000000008bb00000|  0%| F|  |TAMS 0x000000008ba00000, 0x000000008ba00000| Untracked 
| 187|0x000000008bb00000, 0x000000008bb00000, 0x000000008bc00000|  0%| F|  |TAMS 0x000000008bb00000, 0x000000008bb00000| Untracked 
| 188|0x000000008bc00000, 0x000000008bc00000, 0x000000008bd00000|  0%| F|  |TAMS 0x000000008bc00000, 0x000000008bc00000| Untracked 
| 189|0x000000008bd00000, 0x000000008bd00000, 0x000000008be00000|  0%| F|  |TAMS 0x000000008bd00000, 0x000000008bd00000| Untracked 
| 190|0x000000008be00000, 0x000000008be00000, 0x000000008bf00000|  0%| F|  |TAMS 0x000000008be00000, 0x000000008be00000| Untracked 
| 191|0x000000008bf00000, 0x000000008bf00000, 0x000000008c000000|  0%| F|  |TAMS 0x000000008bf00000, 0x000000008bf00000| Untracked 
| 192|0x000000008c000000, 0x000000008c000000, 0x000000008c100000|  0%| F|  |TAMS 0x000000008c000000, 0x000000008c000000| Untracked 
| 193|0x000000008c100000, 0x000000008c100000, 0x000000008c200000|  0%| F|  |TAMS 0x000000008c100000, 0x000000008c100000| Untracked 
| 194|0x000000008c200000, 0x000000008c200000, 0x000000008c300000|  0%| F|  |TAMS 0x000000008c200000, 0x000000008c200000| Untracked 
| 195|0x000000008c300000, 0x000000008c300000, 0x000000008c400000|  0%| F|  |TAMS 0x000000008c300000, 0x000000008c300000| Untracked 
| 196|0x000000008c400000, 0x000000008c400000, 0x000000008c500000|  0%| F|  |TAMS 0x000000008c400000, 0x000000008c400000| Untracked 
| 197|0x000000008c500000, 0x000000008c500000, 0x000000008c600000|  0%| F|  |TAMS 0x000000008c500000, 0x000000008c500000| Untracked 
| 198|0x000000008c600000, 0x000000008c600000, 0x000000008c700000|  0%| F|  |TAMS 0x000000008c600000, 0x000000008c600000| Untracked 
| 199|0x000000008c700000, 0x000000008c700000, 0x000000008c800000|  0%| F|  |TAMS 0x000000008c700000, 0x000000008c700000| Untracked 
| 200|0x000000008c800000, 0x000000008c800000, 0x000000008c900000|  0%| F|  |TAMS 0x000000008c800000, 0x000000008c800000| Untracked 
| 201|0x000000008c900000, 0x000000008c900000, 0x000000008ca00000|  0%| F|  |TAMS 0x000000008c900000, 0x000000008c900000| Untracked 
| 202|0x000000008ca00000, 0x000000008ca00000, 0x000000008cb00000|  0%| F|  |TAMS 0x000000008ca00000, 0x000000008ca00000| Untracked 
| 203|0x000000008cb00000, 0x000000008cb00000, 0x000000008cc00000|  0%| F|  |TAMS 0x000000008cb00000, 0x000000008cb00000| Untracked 
| 204|0x000000008cc00000, 0x000000008cc00000, 0x000000008cd00000|  0%| F|  |TAMS 0x000000008cc00000, 0x000000008cc00000| Untracked 
| 205|0x000000008cd00000, 0x000000008cd00000, 0x000000008ce00000|  0%| F|  |TAMS 0x000000008cd00000, 0x000000008cd00000| Untracked 
| 206|0x000000008ce00000, 0x000000008ce00000, 0x000000008cf00000|  0%| F|  |TAMS 0x000000008ce00000, 0x000000008ce00000| Untracked 
| 207|0x000000008cf00000, 0x000000008cf00000, 0x000000008d000000|  0%| F|  |TAMS 0x000000008cf00000, 0x000000008cf00000| Untracked 
| 208|0x000000008d000000, 0x000000008d000000, 0x000000008d100000|  0%| F|  |TAMS 0x000000008d000000, 0x000000008d000000| Untracked 
| 209|0x000000008d100000, 0x000000008d100000, 0x000000008d200000|  0%| F|  |TAMS 0x000000008d100000, 0x000000008d100000| Untracked 
| 210|0x000000008d200000, 0x000000008d25aa70, 0x000000008d300000| 35%| S|CS|TAMS 0x000000008d200000, 0x000000008d200000| Complete 
| 211|0x000000008d300000, 0x000000008d400000, 0x000000008d400000|100%| S|CS|TAMS 0x000000008d300000, 0x000000008d300000| Complete 
| 212|0x000000008d400000, 0x000000008d500000, 0x000000008d500000|100%| S|CS|TAMS 0x000000008d400000, 0x000000008d400000| Complete 
| 213|0x000000008d500000, 0x000000008d600000, 0x000000008d600000|100%| S|CS|TAMS 0x000000008d500000, 0x000000008d500000| Complete 
| 214|0x000000008d600000, 0x000000008d600000, 0x000000008d700000|  0%| F|  |TAMS 0x000000008d600000, 0x000000008d600000| Untracked 
| 215|0x000000008d700000, 0x000000008d700000, 0x000000008d800000|  0%| F|  |TAMS 0x000000008d700000, 0x000000008d700000| Untracked 
| 216|0x000000008d800000, 0x000000008d800000, 0x000000008d900000|  0%| F|  |TAMS 0x000000008d800000, 0x000000008d800000| Untracked 
| 217|0x000000008d900000, 0x000000008d900000, 0x000000008da00000|  0%| F|  |TAMS 0x000000008d900000, 0x000000008d900000| Untracked 
| 218|0x000000008da00000, 0x000000008da00000, 0x000000008db00000|  0%| F|  |TAMS 0x000000008da00000, 0x000000008da00000| Untracked 
| 219|0x000000008db00000, 0x000000008db00000, 0x000000008dc00000|  0%| F|  |TAMS 0x000000008db00000, 0x000000008db00000| Untracked 
| 220|0x000000008dc00000, 0x000000008dc00000, 0x000000008dd00000|  0%| F|  |TAMS 0x000000008dc00000, 0x000000008dc00000| Untracked 
| 221|0x000000008dd00000, 0x000000008de00000, 0x000000008de00000|100%| S|CS|TAMS 0x000000008dd00000, 0x000000008dd00000| Complete 
| 222|0x000000008de00000, 0x000000008df00000, 0x000000008df00000|100%| S|CS|TAMS 0x000000008de00000, 0x000000008de00000| Complete 
| 223|0x000000008df00000, 0x000000008df00000, 0x000000008e000000|  0%| F|  |TAMS 0x000000008df00000, 0x000000008df00000| Untracked 
| 224|0x000000008e000000, 0x000000008e000000, 0x000000008e100000|  0%| F|  |TAMS 0x000000008e000000, 0x000000008e000000| Untracked 
| 225|0x000000008e100000, 0x000000008e100000, 0x000000008e200000|  0%| F|  |TAMS 0x000000008e100000, 0x000000008e100000| Untracked 
| 226|0x000000008e200000, 0x000000008e200000, 0x000000008e300000|  0%| F|  |TAMS 0x000000008e200000, 0x000000008e200000| Untracked 
| 227|0x000000008e300000, 0x000000008e300000, 0x000000008e400000|  0%| F|  |TAMS 0x000000008e300000, 0x000000008e300000| Untracked 
| 228|0x000000008e400000, 0x000000008e400000, 0x000000008e500000|  0%| F|  |TAMS 0x000000008e400000, 0x000000008e400000| Untracked 
| 229|0x000000008e500000, 0x000000008e500000, 0x000000008e600000|  0%| F|  |TAMS 0x000000008e500000, 0x000000008e500000| Untracked 
| 230|0x000000008e600000, 0x000000008e600000, 0x000000008e700000|  0%| F|  |TAMS 0x000000008e600000, 0x000000008e600000| Untracked 
| 231|0x000000008e700000, 0x000000008e700000, 0x000000008e800000|  0%| F|  |TAMS 0x000000008e700000, 0x000000008e700000| Untracked 
| 232|0x000000008e800000, 0x000000008e800000, 0x000000008e900000|  0%| F|  |TAMS 0x000000008e800000, 0x000000008e800000| Untracked 
| 233|0x000000008e900000, 0x000000008e900000, 0x000000008ea00000|  0%| F|  |TAMS 0x000000008e900000, 0x000000008e900000| Untracked 
| 234|0x000000008ea00000, 0x000000008ea00000, 0x000000008eb00000|  0%| F|  |TAMS 0x000000008ea00000, 0x000000008ea00000| Untracked 
| 235|0x000000008eb00000, 0x000000008eb00000, 0x000000008ec00000|  0%| F|  |TAMS 0x000000008eb00000, 0x000000008eb00000| Untracked 
| 236|0x000000008ec00000, 0x000000008ec00000, 0x000000008ed00000|  0%| F|  |TAMS 0x000000008ec00000, 0x000000008ec00000| Untracked 
| 237|0x000000008ed00000, 0x000000008ed00000, 0x000000008ee00000|  0%| F|  |TAMS 0x000000008ed00000, 0x000000008ed00000| Untracked 
| 238|0x000000008ee00000, 0x000000008ee00000, 0x000000008ef00000|  0%| F|  |TAMS 0x000000008ee00000, 0x000000008ee00000| Untracked 
| 239|0x000000008ef00000, 0x000000008ef00000, 0x000000008f000000|  0%| F|  |TAMS 0x000000008ef00000, 0x000000008ef00000| Untracked 
| 240|0x000000008f000000, 0x000000008f000000, 0x000000008f100000|  0%| F|  |TAMS 0x000000008f000000, 0x000000008f000000| Untracked 
| 241|0x000000008f100000, 0x000000008f100000, 0x000000008f200000|  0%| F|  |TAMS 0x000000008f100000, 0x000000008f100000| Untracked 
| 242|0x000000008f200000, 0x000000008f200000, 0x000000008f300000|  0%| F|  |TAMS 0x000000008f200000, 0x000000008f200000| Untracked 
| 243|0x000000008f300000, 0x000000008f300000, 0x000000008f400000|  0%| F|  |TAMS 0x000000008f300000, 0x000000008f300000| Untracked 
| 244|0x000000008f400000, 0x000000008f400000, 0x000000008f500000|  0%| F|  |TAMS 0x000000008f400000, 0x000000008f400000| Untracked 
| 245|0x000000008f500000, 0x000000008f500000, 0x000000008f600000|  0%| F|  |TAMS 0x000000008f500000, 0x000000008f500000| Untracked 
| 246|0x000000008f600000, 0x000000008f600000, 0x000000008f700000|  0%| F|  |TAMS 0x000000008f600000, 0x000000008f600000| Untracked 
| 247|0x000000008f700000, 0x000000008f700000, 0x000000008f800000|  0%| F|  |TAMS 0x000000008f700000, 0x000000008f700000| Untracked 
| 248|0x000000008f800000, 0x000000008f800000, 0x000000008f900000|  0%| F|  |TAMS 0x000000008f800000, 0x000000008f800000| Untracked 
| 249|0x000000008f900000, 0x000000008f900000, 0x000000008fa00000|  0%| F|  |TAMS 0x000000008f900000, 0x000000008f900000| Untracked 
| 250|0x000000008fa00000, 0x000000008fa00000, 0x000000008fb00000|  0%| F|  |TAMS 0x000000008fa00000, 0x000000008fa00000| Untracked 
| 251|0x000000008fb00000, 0x000000008fb00000, 0x000000008fc00000|  0%| F|  |TAMS 0x000000008fb00000, 0x000000008fb00000| Untracked 
| 252|0x000000008fc00000, 0x000000008fc00000, 0x000000008fd00000|  0%| F|  |TAMS 0x000000008fc00000, 0x000000008fc00000| Untracked 
| 253|0x000000008fd00000, 0x000000008fd00000, 0x000000008fe00000|  0%| F|  |TAMS 0x000000008fd00000, 0x000000008fd00000| Untracked 
| 254|0x000000008fe00000, 0x000000008fe00000, 0x000000008ff00000|  0%| F|  |TAMS 0x000000008fe00000, 0x000000008fe00000| Untracked 
| 255|0x000000008ff00000, 0x000000008ff00000, 0x0000000090000000|  0%| F|  |TAMS 0x000000008ff00000, 0x000000008ff00000| Untracked 
| 256|0x0000000090000000, 0x0000000090000000, 0x0000000090100000|  0%| F|  |TAMS 0x0000000090000000, 0x0000000090000000| Untracked 
| 257|0x0000000090100000, 0x0000000090100000, 0x0000000090200000|  0%| F|  |TAMS 0x0000000090100000, 0x0000000090100000| Untracked 
| 258|0x0000000090200000, 0x0000000090200000, 0x0000000090300000|  0%| F|  |TAMS 0x0000000090200000, 0x0000000090200000| Untracked 
| 259|0x0000000090300000, 0x0000000090300000, 0x0000000090400000|  0%| F|  |TAMS 0x0000000090300000, 0x0000000090300000| Untracked 
| 260|0x0000000090400000, 0x0000000090400000, 0x0000000090500000|  0%| F|  |TAMS 0x0000000090400000, 0x0000000090400000| Untracked 
| 261|0x0000000090500000, 0x0000000090500000, 0x0000000090600000|  0%| F|  |TAMS 0x0000000090500000, 0x0000000090500000| Untracked 
| 262|0x0000000090600000, 0x0000000090600000, 0x0000000090700000|  0%| F|  |TAMS 0x0000000090600000, 0x0000000090600000| Untracked 
| 263|0x0000000090700000, 0x0000000090700000, 0x0000000090800000|  0%| F|  |TAMS 0x0000000090700000, 0x0000000090700000| Untracked 
| 264|0x0000000090800000, 0x0000000090800000, 0x0000000090900000|  0%| F|  |TAMS 0x0000000090800000, 0x0000000090800000| Untracked 
| 265|0x0000000090900000, 0x0000000090900000, 0x0000000090a00000|  0%| F|  |TAMS 0x0000000090900000, 0x0000000090900000| Untracked 
| 266|0x0000000090a00000, 0x0000000090a00000, 0x0000000090b00000|  0%| F|  |TAMS 0x0000000090a00000, 0x0000000090a00000| Untracked 
| 267|0x0000000090b00000, 0x0000000090b00000, 0x0000000090c00000|  0%| F|  |TAMS 0x0000000090b00000, 0x0000000090b00000| Untracked 
| 268|0x0000000090c00000, 0x0000000090c00000, 0x0000000090d00000|  0%| F|  |TAMS 0x0000000090c00000, 0x0000000090c00000| Untracked 
| 269|0x0000000090d00000, 0x0000000090d00000, 0x0000000090e00000|  0%| F|  |TAMS 0x0000000090d00000, 0x0000000090d00000| Untracked 
| 270|0x0000000090e00000, 0x0000000090e00000, 0x0000000090f00000|  0%| F|  |TAMS 0x0000000090e00000, 0x0000000090e00000| Untracked 
| 271|0x0000000090f00000, 0x0000000090f00000, 0x0000000091000000|  0%| F|  |TAMS 0x0000000090f00000, 0x0000000090f00000| Untracked 
| 272|0x0000000091000000, 0x0000000091000000, 0x0000000091100000|  0%| F|  |TAMS 0x0000000091000000, 0x0000000091000000| Untracked 
| 273|0x0000000091100000, 0x0000000091100000, 0x0000000091200000|  0%| F|  |TAMS 0x0000000091100000, 0x0000000091100000| Untracked 
| 274|0x0000000091200000, 0x0000000091200000, 0x0000000091300000|  0%| F|  |TAMS 0x0000000091200000, 0x0000000091200000| Untracked 
| 275|0x0000000091300000, 0x0000000091300000, 0x0000000091400000|  0%| F|  |TAMS 0x0000000091300000, 0x0000000091300000| Untracked 
| 276|0x0000000091400000, 0x0000000091400000, 0x0000000091500000|  0%| F|  |TAMS 0x0000000091400000, 0x0000000091400000| Untracked 
| 277|0x0000000091500000, 0x0000000091500000, 0x0000000091600000|  0%| F|  |TAMS 0x0000000091500000, 0x0000000091500000| Untracked 
| 278|0x0000000091600000, 0x0000000091600000, 0x0000000091700000|  0%| F|  |TAMS 0x0000000091600000, 0x0000000091600000| Untracked 
| 279|0x0000000091700000, 0x0000000091700000, 0x0000000091800000|  0%| F|  |TAMS 0x0000000091700000, 0x0000000091700000| Untracked 
| 280|0x0000000091800000, 0x0000000091800000, 0x0000000091900000|  0%| F|  |TAMS 0x0000000091800000, 0x0000000091800000| Untracked 
| 281|0x0000000091900000, 0x0000000091900000, 0x0000000091a00000|  0%| F|  |TAMS 0x0000000091900000, 0x0000000091900000| Untracked 
| 282|0x0000000091a00000, 0x0000000091a00000, 0x0000000091b00000|  0%| F|  |TAMS 0x0000000091a00000, 0x0000000091a00000| Untracked 
| 283|0x0000000091b00000, 0x0000000091b00000, 0x0000000091c00000|  0%| F|  |TAMS 0x0000000091b00000, 0x0000000091b00000| Untracked 
| 284|0x0000000091c00000, 0x0000000091c00000, 0x0000000091d00000|  0%| F|  |TAMS 0x0000000091c00000, 0x0000000091c00000| Untracked 
| 285|0x0000000091d00000, 0x0000000091d00000, 0x0000000091e00000|  0%| F|  |TAMS 0x0000000091d00000, 0x0000000091d00000| Untracked 
| 286|0x0000000091e00000, 0x0000000091e00000, 0x0000000091f00000|  0%| F|  |TAMS 0x0000000091e00000, 0x0000000091e00000| Untracked 
| 287|0x0000000091f00000, 0x0000000091f00000, 0x0000000092000000|  0%| F|  |TAMS 0x0000000091f00000, 0x0000000091f00000| Untracked 
| 288|0x0000000092000000, 0x0000000092000000, 0x0000000092100000|  0%| F|  |TAMS 0x0000000092000000, 0x0000000092000000| Untracked 
| 289|0x0000000092100000, 0x0000000092100000, 0x0000000092200000|  0%| F|  |TAMS 0x0000000092100000, 0x0000000092100000| Untracked 
| 290|0x0000000092200000, 0x0000000092200000, 0x0000000092300000|  0%| F|  |TAMS 0x0000000092200000, 0x0000000092200000| Untracked 
| 291|0x0000000092300000, 0x0000000092300000, 0x0000000092400000|  0%| F|  |TAMS 0x0000000092300000, 0x0000000092300000| Untracked 
| 292|0x0000000092400000, 0x0000000092400000, 0x0000000092500000|  0%| F|  |TAMS 0x0000000092400000, 0x0000000092400000| Untracked 
| 293|0x0000000092500000, 0x0000000092500000, 0x0000000092600000|  0%| F|  |TAMS 0x0000000092500000, 0x0000000092500000| Untracked 
| 294|0x0000000092600000, 0x0000000092600000, 0x0000000092700000|  0%| F|  |TAMS 0x0000000092600000, 0x0000000092600000| Untracked 
| 295|0x0000000092700000, 0x0000000092700000, 0x0000000092800000|  0%| F|  |TAMS 0x0000000092700000, 0x0000000092700000| Untracked 
| 296|0x0000000092800000, 0x0000000092800000, 0x0000000092900000|  0%| F|  |TAMS 0x0000000092800000, 0x0000000092800000| Untracked 
| 297|0x0000000092900000, 0x0000000092900000, 0x0000000092a00000|  0%| F|  |TAMS 0x0000000092900000, 0x0000000092900000| Untracked 
| 298|0x0000000092a00000, 0x0000000092a00000, 0x0000000092b00000|  0%| F|  |TAMS 0x0000000092a00000, 0x0000000092a00000| Untracked 
| 299|0x0000000092b00000, 0x0000000092b00000, 0x0000000092c00000|  0%| F|  |TAMS 0x0000000092b00000, 0x0000000092b00000| Untracked 
| 300|0x0000000092c00000, 0x0000000092c00000, 0x0000000092d00000|  0%| F|  |TAMS 0x0000000092c00000, 0x0000000092c00000| Untracked 
| 301|0x0000000092d00000, 0x0000000092d00000, 0x0000000092e00000|  0%| F|  |TAMS 0x0000000092d00000, 0x0000000092d00000| Untracked 
| 302|0x0000000092e00000, 0x0000000092e00000, 0x0000000092f00000|  0%| F|  |TAMS 0x0000000092e00000, 0x0000000092e00000| Untracked 
| 303|0x0000000092f00000, 0x0000000092f00000, 0x0000000093000000|  0%| F|  |TAMS 0x0000000092f00000, 0x0000000092f00000| Untracked 
| 304|0x0000000093000000, 0x0000000093000000, 0x0000000093100000|  0%| F|  |TAMS 0x0000000093000000, 0x0000000093000000| Untracked 
| 305|0x0000000093100000, 0x0000000093100000, 0x0000000093200000|  0%| F|  |TAMS 0x0000000093100000, 0x0000000093100000| Untracked 
| 306|0x0000000093200000, 0x0000000093200000, 0x0000000093300000|  0%| F|  |TAMS 0x0000000093200000, 0x0000000093200000| Untracked 
| 307|0x0000000093300000, 0x0000000093300000, 0x0000000093400000|  0%| F|  |TAMS 0x0000000093300000, 0x0000000093300000| Untracked 
| 308|0x0000000093400000, 0x0000000093400000, 0x0000000093500000|  0%| F|  |TAMS 0x0000000093400000, 0x0000000093400000| Untracked 
| 309|0x0000000093500000, 0x0000000093500000, 0x0000000093600000|  0%| F|  |TAMS 0x0000000093500000, 0x0000000093500000| Untracked 
| 310|0x0000000093600000, 0x0000000093600000, 0x0000000093700000|  0%| F|  |TAMS 0x0000000093600000, 0x0000000093600000| Untracked 
| 311|0x0000000093700000, 0x0000000093700000, 0x0000000093800000|  0%| F|  |TAMS 0x0000000093700000, 0x0000000093700000| Untracked 
| 312|0x0000000093800000, 0x0000000093800000, 0x0000000093900000|  0%| F|  |TAMS 0x0000000093800000, 0x0000000093800000| Untracked 
| 313|0x0000000093900000, 0x0000000093900000, 0x0000000093a00000|  0%| F|  |TAMS 0x0000000093900000, 0x0000000093900000| Untracked 
| 314|0x0000000093a00000, 0x0000000093a00000, 0x0000000093b00000|  0%| F|  |TAMS 0x0000000093a00000, 0x0000000093a00000| Untracked 

Card table byte_map: [0x0000013437a30000,0x0000013437e30000] _byte_map_base: 0x0000013437630000

Marking Bits (Prev, Next): (CMBitMap*) 0x0000013420e61650, (CMBitMap*) 0x0000013420e61610
 Prev Bits: [0x000001343a230000, 0x000001343c230000)
 Next Bits: [0x0000013438230000, 0x000001343a230000)

Polling page: 0x000001341ee20000

Metaspace:

Usage:
  Non-class:     96.83 MB used.
      Class:     15.50 MB used.
       Both:    112.33 MB used.

Virtual space:
  Non-class space:      104.00 MB reserved,      97.25 MB ( 94%) committed,  13 nodes.
      Class space:        1.00 GB reserved,      15.94 MB (  2%) committed,  1 nodes.
             Both:        1.10 GB reserved,     113.19 MB ( 10%) committed. 

Chunk freelists:
   Non-Class:  2.33 MB
       Class:  3.91 MB
        Both:  6.24 MB

MaxMetaspaceSize: unlimited
CompressedClassSpaceSize: 1.00 GB
Initial GC threshold: 21.00 MB
Current GC threshold: 158.44 MB
CDS: on
MetaspaceReclaimPolicy: balanced
 - commit_granule_bytes: 65536.
 - commit_granule_words: 8192.
 - virtual_space_node_default_size: 1048576.
 - enlarge_chunks_in_place: 1.
 - new_chunks_are_fully_committed: 0.
 - uncommit_free_chunks: 1.
 - use_allocation_guard: 0.
 - handle_deallocations: 1.


Internal statistics:

num_allocs_failed_limit: 12.
num_arena_births: 1276.
num_arena_deaths: 0.
num_vsnodes_births: 14.
num_vsnodes_deaths: 0.
num_space_committed: 1810.
num_space_uncommitted: 0.
num_chunks_returned_to_freelist: 12.
num_chunks_taken_from_freelist: 6188.
num_chunk_merges: 12.
num_chunk_splits: 4078.
num_chunks_enlarged: 2769.
num_purges: 0.
num_inconsistent_stats: 0.

CodeHeap 'non-profiled nmethods': size=120000Kb used=8898Kb max_used=9117Kb free=111101Kb
 bounds [0x0000013430100000, 0x00000134309f0000, 0x0000013437630000]
CodeHeap 'profiled nmethods': size=120000Kb used=32331Kb max_used=32331Kb free=87668Kb
 bounds [0x0000013428bd0000, 0x000001342ac10000, 0x0000013430100000]
CodeHeap 'non-nmethods': size=5760Kb used=2446Kb max_used=2541Kb free=3313Kb
 bounds [0x0000013428630000, 0x00000134288d0000, 0x0000013428bd0000]
 total_blobs=15770 nmethods=14786 adapters=893
 compilation: enabled
              stopped_count=0, restarted_count=0
 full_count=0

Compilation events (20 events):
Event: 21.956 Thread 0x000001343e705300 17710       2       com.android.tools.r8.internal.fb::a (92 bytes)
Event: 21.956 Thread 0x000001343e705300 nmethod 17710 0x0000013429e57b90 code [0x0000013429e57d60, 0x0000013429e57f58]
Event: 21.959 Thread 0x000001343e705300 17711       2       com.android.tools.r8.internal.mo::hashCode (29 bytes)
Event: 21.959 Thread 0x000001343e705300 nmethod 17711 0x0000013428d15010 code [0x0000013428d151a0, 0x0000013428d15308]
Event: 21.961 Thread 0x000001343e705300 17712       1       com.android.tools.r8.internal.FI::a2 (2 bytes)
Event: 21.961 Thread 0x000001343e705300 nmethod 17712 0x0000013430556f10 code [0x00000134305570a0, 0x0000013430557178]
Event: 21.967 Thread 0x000001343e705300 17713       2       com.android.tools.r8.internal.rD::C1 (44 bytes)
Event: 21.967 Thread 0x000001343e705300 nmethod 17713 0x0000013428d14b10 code [0x0000013428d14cc0, 0x0000013428d14f18]
Event: 21.970 Thread 0x000001343e705300 17714       1       com.android.tools.r8.internal.jb::y (2 bytes)
Event: 21.970 Thread 0x000001343e705300 nmethod 17714 0x0000013430556c10 code [0x0000013430556da0, 0x0000013430556e78]
Event: 21.972 Thread 0x000001343e705300 17715       2       com.android.tools.r8.internal.HX::a (40 bytes)
Event: 21.972 Thread 0x000001343e705300 nmethod 17715 0x000001342a6e9890 code [0x000001342a6e9a40, 0x000001342a6e9c88]
Event: 21.972 Thread 0x000001343e705300 17716       2       com.android.tools.r8.internal.sq::<init> (7 bytes)
Event: 21.973 Thread 0x000001343e705300 nmethod 17716 0x000001342a6e9510 code [0x000001342a6e96a0, 0x000001342a6e97c8]
Event: 21.975 Thread 0x000001343e705300 17717       2       com.android.tools.r8.internal.oS::a (221 bytes)
Event: 21.976 Thread 0x000001343e705300 nmethod 17717 0x000001342a338590 code [0x000001342a338820, 0x000001342a339028]
Event: 21.977 Thread 0x000001343e705300 17718       2       com.android.tools.r8.internal.mo::<init> (109 bytes)
Event: 21.977 Thread 0x000001343e705300 nmethod 17718 0x000001342a6e9190 code [0x000001342a6e9320, 0x000001342a6e9438]
Event: 21.977 Thread 0x000001343e705300 17719       3       com.android.tools.r8.internal.cB::indexOf (50 bytes)
Event: 21.978 Thread 0x000001343e705300 nmethod 17719 0x0000013429240890 code [0x0000013429240a60, 0x0000013429240fa8]

GC Heap History (20 events):
Event: 14.737 GC heap after
{Heap after GC invocations=30 (full 0):
 garbage-first heap   total 232448K, used 107983K [0x0000000080000000, 0x0000000100000000)
  region size 1024K, 2 young (2048K), 2 survivors (2048K)
 Metaspace       used 93682K, committed 94528K, reserved 1130496K
  class space    used 13073K, committed 13504K, reserved 1048576K
}
Event: 15.866 GC heap before
{Heap before GC invocations=30 (full 0):
 garbage-first heap   total 232448K, used 222671K [0x0000000080000000, 0x0000000100000000)
  region size 1024K, 53 young (54272K), 2 survivors (2048K)
 Metaspace       used 96486K, committed 97280K, reserved 1138688K
  class space    used 13405K, committed 13760K, reserved 1048576K
}
Event: 15.875 GC heap after
{Heap after GC invocations=31 (full 0):
 garbage-first heap   total 232448K, used 111878K [0x0000000080000000, 0x0000000100000000)
  region size 1024K, 6 young (6144K), 6 survivors (6144K)
 Metaspace       used 96486K, committed 97280K, reserved 1138688K
  class space    used 13405K, committed 13760K, reserved 1048576K
}
Event: 16.571 GC heap before
{Heap before GC invocations=32 (full 0):
 garbage-first heap   total 268288K, used 257286K [0x0000000080000000, 0x0000000100000000)
  region size 1024K, 34 young (34816K), 6 survivors (6144K)
 Metaspace       used 96623K, committed 97472K, reserved 1138688K
  class space    used 13414K, committed 13824K, reserved 1048576K
}
Event: 16.577 GC heap after
{Heap after GC invocations=33 (full 0):
 garbage-first heap   total 268288K, used 112280K [0x0000000080000000, 0x0000000100000000)
  region size 1024K, 6 young (6144K), 6 survivors (6144K)
 Metaspace       used 96623K, committed 97472K, reserved 1138688K
  class space    used 13414K, committed 13824K, reserved 1048576K
}
Event: 16.614 GC heap before
{Heap before GC invocations=33 (full 0):
 garbage-first heap   total 268288K, used 120472K [0x0000000080000000, 0x0000000100000000)
  region size 1024K, 13 young (13312K), 6 survivors (6144K)
 Metaspace       used 96705K, committed 97536K, reserved 1138688K
  class space    used 13426K, committed 13824K, reserved 1048576K
}
Event: 16.620 GC heap after
{Heap after GC invocations=34 (full 0):
 garbage-first heap   total 268288K, used 111410K [0x0000000080000000, 0x0000000100000000)
  region size 1024K, 1 young (1024K), 1 survivors (1024K)
 Metaspace       used 96705K, committed 97536K, reserved 1138688K
  class space    used 13426K, committed 13824K, reserved 1048576K
}
Event: 18.225 GC heap before
{Heap before GC invocations=34 (full 0):
 garbage-first heap   total 268288K, used 217906K [0x0000000080000000, 0x0000000100000000)
  region size 1024K, 106 young (108544K), 1 survivors (1024K)
 Metaspace       used 107600K, committed 108480K, reserved 1146880K
  class space    used 15010K, committed 15424K, reserved 1048576K
}
Event: 18.232 GC heap after
{Heap after GC invocations=35 (full 0):
 garbage-first heap   total 322560K, used 113537K [0x0000000080000000, 0x0000000100000000)
  region size 1024K, 4 young (4096K), 4 survivors (4096K)
 Metaspace       used 107600K, committed 108480K, reserved 1146880K
  class space    used 15010K, committed 15424K, reserved 1048576K
}
Event: 19.159 GC heap before
{Heap before GC invocations=35 (full 0):
 garbage-first heap   total 322560K, used 263041K [0x0000000080000000, 0x0000000100000000)
  region size 1024K, 151 young (154624K), 4 survivors (4096K)
 Metaspace       used 110830K, committed 111680K, reserved 1146880K
  class space    used 15431K, committed 15872K, reserved 1048576K
}
Event: 19.164 GC heap after
{Heap after GC invocations=36 (full 0):
 garbage-first heap   total 322560K, used 114867K [0x0000000080000000, 0x0000000100000000)
  region size 1024K, 5 young (5120K), 5 survivors (5120K)
 Metaspace       used 110830K, committed 111680K, reserved 1146880K
  class space    used 15431K, committed 15872K, reserved 1048576K
}
Event: 20.268 GC heap before
{Heap before GC invocations=36 (full 0):
 garbage-first heap   total 322560K, used 269491K [0x0000000080000000, 0x0000000100000000)
  region size 1024K, 157 young (160768K), 5 survivors (5120K)
 Metaspace       used 114053K, committed 114880K, reserved 1155072K
  class space    used 15838K, committed 16256K, reserved 1048576K
}
Event: 20.304 GC heap after
{Heap after GC invocations=37 (full 0):
 garbage-first heap   total 322560K, used 120626K [0x0000000080000000, 0x0000000100000000)
  region size 1024K, 10 young (10240K), 10 survivors (10240K)
 Metaspace       used 114053K, committed 114880K, reserved 1155072K
  class space    used 15838K, committed 16256K, reserved 1048576K
}
Event: 20.726 GC heap before
{Heap before GC invocations=37 (full 0):
 garbage-first heap   total 322560K, used 268082K [0x0000000080000000, 0x0000000100000000)
  region size 1024K, 155 young (158720K), 10 survivors (10240K)
 Metaspace       used 114386K, committed 115200K, reserved 1155072K
  class space    used 15843K, committed 16256K, reserved 1048576K
}
Event: 20.761 GC heap after
{Heap after GC invocations=38 (full 0):
 garbage-first heap   total 322560K, used 149472K [0x0000000080000000, 0x0000000100000000)
  region size 1024K, 20 young (20480K), 20 survivors (20480K)
 Metaspace       used 114386K, committed 115200K, reserved 1155072K
  class space    used 15843K, committed 16256K, reserved 1048576K
}
Event: 21.160 GC heap before
{Heap before GC invocations=38 (full 0):
 garbage-first heap   total 322560K, used 256992K [0x0000000080000000, 0x0000000100000000)
  region size 1024K, 125 young (128000K), 20 survivors (20480K)
 Metaspace       used 114602K, committed 115520K, reserved 1155072K
  class space    used 15866K, committed 16320K, reserved 1048576K
}
Event: 21.203 GC heap after
{Heap after GC invocations=39 (full 0):
 garbage-first heap   total 322560K, used 163292K [0x0000000080000000, 0x0000000100000000)
  region size 1024K, 13 young (13312K), 13 survivors (13312K)
 Metaspace       used 114602K, committed 115520K, reserved 1155072K
  class space    used 15866K, committed 16320K, reserved 1048576K
}
Event: 21.645 GC heap before
{Heap before GC invocations=39 (full 0):
 garbage-first heap   total 322560K, used 259548K [0x0000000080000000, 0x0000000100000000)
  region size 1024K, 107 young (109568K), 13 survivors (13312K)
 Metaspace       used 114869K, committed 115776K, reserved 1155072K
  class space    used 15873K, committed 16320K, reserved 1048576K
}
Event: 21.669 GC heap after
{Heap after GC invocations=40 (full 0):
 garbage-first heap   total 322560K, used 169472K [0x0000000080000000, 0x0000000100000000)
  region size 1024K, 7 young (7168K), 7 survivors (7168K)
 Metaspace       used 114869K, committed 115776K, reserved 1155072K
  class space    used 15873K, committed 16320K, reserved 1048576K
}
Event: 21.979 GC heap before
{Heap before GC invocations=40 (full 0):
 garbage-first heap   total 322560K, used 263680K [0x0000000080000000, 0x0000000100000000)
  region size 1024K, 99 young (101376K), 7 survivors (7168K)
 Metaspace       used 115030K, committed 115904K, reserved 1155072K
  class space    used 15877K, committed 16320K, reserved 1048576K
}

Deoptimization events (20 events):
Event: 21.674 Thread 0x0000013440e0fa90 DEOPT PACKING pc=0x00000134307c7278 sp=0x0000002b279f9900
Event: 21.674 Thread 0x0000013440e0fa90 DEOPT UNPACKING pc=0x00000134286823a3 sp=0x0000002b279f9810 mode 2
Event: 21.692 Thread 0x0000013440e0fa90 DEOPT PACKING pc=0x000001342a5064b3 sp=0x0000002b279f9910
Event: 21.692 Thread 0x0000013440e0fa90 DEOPT UNPACKING pc=0x0000013428682b43 sp=0x0000002b279f8e20 mode 0
Event: 21.703 Thread 0x0000013440e0d8e0 Uncommon trap: trap_request=0xffffff45 fr.pc=0x000001343069b190 relative=0x0000000000008750
Event: 21.703 Thread 0x0000013440e0d8e0 Uncommon trap: reason=unstable_if action=reinterpret pc=0x000001343069b190 method=com.android.tools.r8.internal.sr0.G()Z @ 39 c2
Event: 21.703 Thread 0x0000013440e0d8e0 DEOPT PACKING pc=0x000001343069b190 sp=0x0000002b276f9240
Event: 21.703 Thread 0x0000013440e0d8e0 DEOPT UNPACKING pc=0x00000134286823a3 sp=0x0000002b276f9230 mode 2
Event: 21.713 Thread 0x0000013440e0d8e0 DEOPT PACKING pc=0x000001342a4e7c47 sp=0x0000002b276f9740
Event: 21.713 Thread 0x0000013440e0d8e0 DEOPT UNPACKING pc=0x0000013428682b43 sp=0x0000002b276f8c08 mode 0
Event: 21.752 Thread 0x0000013440e0fa90 DEOPT PACKING pc=0x00000134295700eb sp=0x0000002b279f92c0
Event: 21.752 Thread 0x0000013440e0fa90 DEOPT UNPACKING pc=0x0000013428682b43 sp=0x0000002b279f8850 mode 0
Event: 21.816 Thread 0x0000013448d8e320 DEOPT PACKING pc=0x000001342aa3f218 sp=0x0000002b28df6290
Event: 21.816 Thread 0x0000013448d8e320 DEOPT UNPACKING pc=0x0000013428682b43 sp=0x0000002b28df5b98 mode 0
Event: 21.861 Thread 0x0000013440e0d8e0 DEOPT PACKING pc=0x000001342a523c06 sp=0x0000002b276fa0b0
Event: 21.861 Thread 0x0000013440e0d8e0 DEOPT UNPACKING pc=0x0000013428682b43 sp=0x0000002b276f9580 mode 0
Event: 21.861 Thread 0x0000013440e0d8e0 DEOPT PACKING pc=0x000001342a5245a6 sp=0x0000002b276fa0c0
Event: 21.861 Thread 0x0000013440e0d8e0 DEOPT UNPACKING pc=0x0000013428682b43 sp=0x0000002b276f9590 mode 0
Event: 21.927 Thread 0x0000013440e0fa90 DEOPT PACKING pc=0x000001342aa4e1e1 sp=0x0000002b279f9a70
Event: 21.927 Thread 0x0000013440e0fa90 DEOPT UNPACKING pc=0x0000013428682b43 sp=0x0000002b279f9350 mode 0

Classes unloaded (0 events):
No events

Classes redefined (0 events):
No events

Internal exceptions (20 events):
Event: 19.965 Thread 0x0000013440e0e280 Exception <a 'sun/nio/fs/WindowsException'{0x000000008cece958}> (0x000000008cece958) 
thrown [t:\workspace\open\src\hotspot\share\prims\jni.cpp, line 516]
Event: 19.970 Thread 0x0000013448fb4f10 Exception <a 'sun/nio/fs/WindowsException'{0x000000008cdaa2f8}> (0x000000008cdaa2f8) 
thrown [t:\workspace\open\src\hotspot\share\prims\jni.cpp, line 516]
Event: 19.976 Thread 0x0000013440e0e280 Exception <a 'sun/nio/fs/WindowsException'{0x000000008cce6698}> (0x000000008cce6698) 
thrown [t:\workspace\open\src\hotspot\share\prims\jni.cpp, line 516]
Event: 19.987 Thread 0x0000013448fb58b0 Exception <a 'sun/nio/fs/WindowsException'{0x000000008c97ba98}> (0x000000008c97ba98) 
thrown [t:\workspace\open\src\hotspot\share\prims\jni.cpp, line 516]
Event: 19.987 Thread 0x0000013448d8e320 Exception <a 'sun/nio/fs/WindowsException'{0x000000008c929a78}> (0x000000008c929a78) 
thrown [t:\workspace\open\src\hotspot\share\prims\jni.cpp, line 516]
Event: 20.005 Thread 0x0000013448fb4f10 Exception <a 'sun/nio/fs/WindowsException'{0x000000008c8d5ad8}> (0x000000008c8d5ad8) 
thrown [t:\workspace\open\src\hotspot\share\prims\jni.cpp, line 516]
Event: 20.014 Thread 0x0000013448d8e320 Exception <a 'sun/nio/fs/WindowsException'{0x000000008c7c31f8}> (0x000000008c7c31f8) 
thrown [t:\workspace\open\src\hotspot\share\prims\jni.cpp, line 516]
Event: 20.024 Thread 0x0000013440e0e280 Exception <a 'sun/nio/fs/WindowsException'{0x000000008c448d90}> (0x000000008c448d90) 
thrown [t:\workspace\open\src\hotspot\share\prims\jni.cpp, line 516]
Event: 20.026 Thread 0x0000013448fb58b0 Exception <a 'sun/nio/fs/WindowsException'{0x000000008c3cb460}> (0x000000008c3cb460) 
thrown [t:\workspace\open\src\hotspot\share\prims\jni.cpp, line 516]
Event: 20.032 Thread 0x0000013448fb4f10 Exception <a 'sun/nio/fs/WindowsException'{0x000000008c6f25b0}> (0x000000008c6f25b0) 
thrown [t:\workspace\open\src\hotspot\share\prims\jni.cpp, line 516]
Event: 20.061 Thread 0x0000013448fb3bd0 Exception <a 'java/lang/NoSuchMethodError'{0x000000008c053518}: 'java.lang.Object java.lang.invoke.Invokers$Holder.invoker(java.lang.Object, java.lang.Object, java.lang.Object, java.lang.Object, java.lang.Object, java.lang.Object)'> (0x000000008c053518) 
thrown [t:\workspace\open\src\hotspot\share\interpreter\linkResolver.cpp, line 766]
Event: 20.062 Thread 0x0000013448fb3bd0 Implicit null exception at 0x00000134305ebcd3 to 0x00000134305ebf10
Event: 20.063 Thread 0x0000013448fb3bd0 Exception <a 'java/lang/NoSuchMethodError'{0x000000008c05d640}: 'int java.lang.invoke.DirectMethodHandle$Holder.invokeStatic(java.lang.Object, java.lang.Object, int)'> (0x000000008c05d640) 
thrown [t:\workspace\open\src\hotspot\share\interpreter\linkResolver.cpp, line 766]
Event: 20.065 Thread 0x0000013448fb3bd0 Exception <a 'java/lang/NoSuchMethodError'{0x000000008c06d8a8}: 'java.lang.Object java.lang.invoke.DirectMethodHandle$Holder.invokeStatic(java.lang.Object, java.lang.Object, java.lang.Object, java.lang.Object, int)'> (0x000000008c06d8a8) 
thrown [t:\workspace\open\src\hotspot\share\interpreter\linkResolver.cpp, line 766]
Event: 20.126 Thread 0x000001343e6f3250 Exception <a 'java/lang/NoSuchMethodError'{0x000000008ba46ca8}: static Lcom/android/ide/common/resources/MergedAssetWriter$AssetWorkAction;.<clinit>()V> (0x000000008ba46ca8) 
thrown [t:\workspace\open\src\hotspot\share\prims\jni.cpp, line 1107]
Event: 20.215 Thread 0x0000013440e0fa90 Exception <a 'sun/nio/fs/WindowsException'{0x000000008ad28550}> (0x000000008ad28550) 
thrown [t:\workspace\open\src\hotspot\share\prims\jni.cpp, line 516]
Event: 20.323 Thread 0x0000013448d8e320 Exception <a 'sun/nio/fs/WindowsException'{0x0000000093370770}> (0x0000000093370770) 
thrown [t:\workspace\open\src\hotspot\share\prims\jni.cpp, line 516]
Event: 20.347 Thread 0x0000013440e0d410 Exception <a 'sun/nio/fs/WindowsException'{0x000000009291e030}> (0x000000009291e030) 
thrown [t:\workspace\open\src\hotspot\share\prims\jni.cpp, line 516]
Event: 20.672 Thread 0x0000013440e0d8e0 Exception <a 'sun/nio/fs/WindowsException'{0x000000008c319e28}> (0x000000008c319e28) 
thrown [t:\workspace\open\src\hotspot\share\prims\jni.cpp, line 516]
Event: 21.316 Thread 0x0000013440e0fa90 Exception <a 'java/lang/NoSuchMethodError'{0x00000000921e46f0}: 'int java.lang.invoke.DirectMethodHandle$Holder.invokeInterface(java.lang.Object, java.lang.Object, int)'> (0x00000000921e46f0) 
thrown [t:\workspace\open\src\hotspot\share\interpreter\linkResolver.cpp, line 766]

VM Operations (20 events):
Event: 20.918 Executing VM operation: ICBufferFull done
Event: 20.975 Executing VM operation: HandshakeAllThreads
Event: 20.983 Executing VM operation: HandshakeAllThreads done
Event: 21.078 Executing VM operation: HandshakeAllThreads
Event: 21.093 Executing VM operation: HandshakeAllThreads done
Event: 21.154 Executing VM operation: ICBufferFull
Event: 21.158 Executing VM operation: ICBufferFull done
Event: 21.160 Executing VM operation: G1CollectForAllocation
Event: 21.206 Executing VM operation: G1CollectForAllocation done
Event: 21.218 Executing VM operation: HandshakeAllThreads
Event: 21.254 Executing VM operation: HandshakeAllThreads done
Event: 21.475 Executing VM operation: ICBufferFull
Event: 21.485 Executing VM operation: ICBufferFull done
Event: 21.643 Executing VM operation: G1CollectForAllocation
Event: 21.671 Executing VM operation: G1CollectForAllocation done
Event: 21.842 Executing VM operation: HandshakeAllThreads
Event: 21.853 Executing VM operation: HandshakeAllThreads done
Event: 21.950 Executing VM operation: ICBufferFull
Event: 21.971 Executing VM operation: ICBufferFull done
Event: 21.978 Executing VM operation: G1CollectForAllocation

Events (20 events):
Event: 21.269 Thread 0x000001343e706c10 flushing nmethod 0x000001342a702d10
Event: 21.269 Thread 0x000001343e706c10 flushing nmethod 0x000001342a70e990
Event: 21.269 Thread 0x000001343e706c10 flushing nmethod 0x000001342a730e10
Event: 21.269 Thread 0x000001343e706c10 flushing nmethod 0x000001342a745410
Event: 21.269 Thread 0x000001343e706c10 flushing nmethod 0x000001342a756510
Event: 21.269 Thread 0x000001343e706c10 flushing nmethod 0x000001342a756e10
Event: 21.269 Thread 0x000001343e706c10 flushing nmethod 0x000001342a76b890
Event: 21.269 Thread 0x000001343e706c10 flushing nmethod 0x000001342a76ec90
Event: 21.269 Thread 0x000001343e706c10 flushing nmethod 0x000001342a770d10
Event: 21.269 Thread 0x000001343e706c10 flushing nmethod 0x000001342a773710
Event: 21.269 Thread 0x000001343e706c10 flushing nmethod 0x000001342a77e510
Event: 21.269 Thread 0x000001343e706c10 flushing nmethod 0x000001342a782910
Event: 21.269 Thread 0x000001343e706c10 flushing nmethod 0x000001342a7a9390
Event: 21.269 Thread 0x000001343e706c10 flushing nmethod 0x000001342a7bff10
Event: 21.269 Thread 0x000001343e706c10 flushing nmethod 0x000001342a831c90
Event: 21.269 Thread 0x000001343e706c10 flushing nmethod 0x000001342a843b10
Event: 21.269 Thread 0x000001343e706c10 flushing nmethod 0x000001342a87b290
Event: 21.269 Thread 0x000001343e706c10 flushing nmethod 0x000001342a8a6b90
Event: 21.269 Thread 0x000001343e706c10 flushing nmethod 0x000001342a8f5c10
Event: 21.270 Thread 0x000001343e706c10 flushing nmethod 0x000001342a971990


Dynamic libraries:
0x00007ff7fcf50000 - 0x00007ff7fcf60000 	C:\Java\JDK_17.0.1\bin\java.exe
0x00007ffc341f0000 - 0x00007ffc343e6000 	C:\Windows\SYSTEM32\ntdll.dll
0x00007ffc33720000 - 0x00007ffc337dd000 	C:\Windows\System32\KERNEL32.DLL
0x00007ffc31e70000 - 0x00007ffc32138000 	C:\Windows\System32\KERNELBASE.dll
0x00007ffc31bb0000 - 0x00007ffc31cb0000 	C:\Windows\System32\ucrtbase.dll
0x00007ffc0a550000 - 0x00007ffc0a56a000 	C:\Java\JDK_17.0.1\bin\VCRUNTIME140.dll
0x00007ffc041a0000 - 0x00007ffc041b8000 	C:\Java\JDK_17.0.1\bin\jli.dll
0x00007ffc340c0000 - 0x00007ffc3416c000 	C:\Windows\System32\ADVAPI32.dll
0x00007ffc32ca0000 - 0x00007ffc32d3e000 	C:\Windows\System32\msvcrt.dll
0x00007ffc32450000 - 0x00007ffc324eb000 	C:\Windows\System32\sechost.dll
0x00007ffc324f0000 - 0x00007ffc32614000 	C:\Windows\System32\RPCRT4.dll
0x00007ffc33580000 - 0x00007ffc33720000 	C:\Windows\System32\USER32.dll
0x00007ffc31dc0000 - 0x00007ffc31de2000 	C:\Windows\System32\win32u.dll
0x00007ffc32240000 - 0x00007ffc3226a000 	C:\Windows\System32\GDI32.dll
0x00007ffc24ba0000 - 0x00007ffc24e3b000 	C:\Windows\WinSxS\amd64_microsoft.windows.common-controls_6595b64144ccf1df_6.0.19041.488_none_ca04af081b815d21\COMCTL32.dll
0x00007ffc31cb0000 - 0x00007ffc31db9000 	C:\Windows\System32\gdi32full.dll
0x00007ffc31900000 - 0x00007ffc3199d000 	C:\Windows\System32\msvcp_win.dll
0x00007ffc2b570000 - 0x00007ffc2b57a000 	C:\Windows\SYSTEM32\VERSION.dll
0x00007ffc33cb0000 - 0x00007ffc33ce0000 	C:\Windows\System32\IMM32.DLL
0x00007ffc15630000 - 0x00007ffc1563c000 	C:\Java\JDK_17.0.1\bin\vcruntime140_1.dll
0x00007ffc01ac0000 - 0x00007ffc01b4d000 	C:\Java\JDK_17.0.1\bin\msvcp140.dll
0x00007ffc00d10000 - 0x00007ffc018ce000 	C:\Java\JDK_17.0.1\bin\server\jvm.dll
0x00007ffc34170000 - 0x00007ffc34178000 	C:\Windows\System32\PSAPI.DLL
0x00007ffc28f20000 - 0x00007ffc28f47000 	C:\Windows\SYSTEM32\WINMM.dll
0x00007ffc14b50000 - 0x00007ffc14b59000 	C:\Windows\SYSTEM32\WSOCK32.dll
0x00007ffc32680000 - 0x00007ffc326eb000 	C:\Windows\System32\WS2_32.dll
0x00007ffc2f870000 - 0x00007ffc2f882000 	C:\Windows\SYSTEM32\kernel.appcore.dll
0x00007ffc13730000 - 0x00007ffc1373a000 	C:\Java\JDK_17.0.1\bin\jimage.dll
0x00007ffc28c00000 - 0x00007ffc28de4000 	C:\Windows\SYSTEM32\DBGHELP.DLL
0x00007ffc1e3a0000 - 0x00007ffc1e3cc000 	C:\Windows\SYSTEM32\dbgcore.DLL
0x00007ffc31df0000 - 0x00007ffc31e6f000 	C:\Windows\System32\bcryptPrimitives.dll
0x00007ffc13720000 - 0x00007ffc1372e000 	C:\Java\JDK_17.0.1\bin\instrument.dll
0x00007ffc02a00000 - 0x00007ffc02a25000 	C:\Java\JDK_17.0.1\bin\java.dll
0x00007ffc00c30000 - 0x00007ffc00d06000 	C:\Java\JDK_17.0.1\bin\svml.dll
0x00007ffc32e30000 - 0x00007ffc33571000 	C:\Windows\System32\SHELL32.dll
0x00007ffc2fa70000 - 0x00007ffc30205000 	C:\Windows\SYSTEM32\windows.storage.dll
0x00007ffc33d60000 - 0x00007ffc340b5000 	C:\Windows\System32\combase.dll
0x00007ffc312a0000 - 0x00007ffc312cc000 	C:\Windows\SYSTEM32\Wldp.dll
0x00007ffc33b30000 - 0x00007ffc33bde000 	C:\Windows\System32\SHCORE.dll
0x00007ffc322d0000 - 0x00007ffc32325000 	C:\Windows\System32\shlwapi.dll
0x00007ffc31830000 - 0x00007ffc31856000 	C:\Windows\SYSTEM32\profapi.dll
0x00007ffc02960000 - 0x00007ffc02978000 	C:\Java\JDK_17.0.1\bin\zip.dll
0x00007ffc02840000 - 0x00007ffc02859000 	C:\Java\JDK_17.0.1\bin\net.dll
0x00007ffc2ca60000 - 0x00007ffc2cb60000 	C:\Windows\SYSTEM32\WINHTTP.dll
0x00007ffc31020000 - 0x00007ffc3108a000 	C:\Windows\system32\mswsock.dll
0x00007ffc02820000 - 0x00007ffc02835000 	C:\Java\JDK_17.0.1\bin\nio.dll
0x00007ffc13710000 - 0x00007ffc13720000 	C:\Java\JDK_17.0.1\bin\verify.dll
0x00007ffc040e0000 - 0x00007ffc04107000 	C:\Users\Administrator\.gradle\native\c067742578af261105cb4f569cf0c3c89f3d7b1fecec35dd04571415982c5e48\windows-amd64\native-platform.dll
0x00007ffc00ae0000 - 0x00007ffc00c24000 	C:\Users\Administrator\.gradle\native\100fb08df4bc3b14c8652ba06237920a3bd2aa13389f12d3474272988ae205f9\windows-amd64\native-platform-file-events.dll
0x00007ffc0a0e0000 - 0x00007ffc0a0e9000 	C:\Java\JDK_17.0.1\bin\management.dll
0x00007ffc09690000 - 0x00007ffc0969b000 	C:\Java\JDK_17.0.1\bin\management_ext.dll
0x00007ffc31200000 - 0x00007ffc31218000 	C:\Windows\SYSTEM32\CRYPTSP.dll
0x00007ffc309b0000 - 0x00007ffc309e4000 	C:\Windows\system32\rsaenh.dll
0x00007ffc32140000 - 0x00007ffc32167000 	C:\Windows\System32\bcrypt.dll
0x00007ffc317f0000 - 0x00007ffc3181e000 	C:\Windows\SYSTEM32\USERENV.dll
0x00007ffc311f0000 - 0x00007ffc311fc000 	C:\Windows\SYSTEM32\CRYPTBASE.dll
0x00007ffc30d10000 - 0x00007ffc30d4b000 	C:\Windows\SYSTEM32\IPHLPAPI.DLL
0x00007ffc32d40000 - 0x00007ffc32d48000 	C:\Windows\System32\NSI.dll
0x00007ffc2c5e0000 - 0x00007ffc2c5f7000 	C:\Windows\SYSTEM32\dhcpcsvc6.DLL
0x00007ffc2c5c0000 - 0x00007ffc2c5dd000 	C:\Windows\SYSTEM32\dhcpcsvc.DLL
0x00007ffc30d50000 - 0x00007ffc30e1b000 	C:\Windows\SYSTEM32\DNSAPI.dll
0x00007ffc093e0000 - 0x00007ffc093ee000 	C:\Java\JDK_17.0.1\bin\sunmscapi.dll
0x00007ffc319f0000 - 0x00007ffc31b4d000 	C:\Windows\System32\CRYPT32.dll
0x00007ffc31310000 - 0x00007ffc31337000 	C:\Windows\SYSTEM32\ncrypt.dll
0x00007ffc312d0000 - 0x00007ffc3130b000 	C:\Windows\SYSTEM32\NTASN1.dll
0x00007ffc2cc90000 - 0x00007ffc2cc97000 	C:\Windows\system32\wshunix.dll

dbghelp: loaded successfully - version: 4.0.5 - missing functions: none
symbol engine: initialized successfully - sym options: 0x614 - pdb path: .;C:\Java\JDK_17.0.1\bin;C:\Windows\SYSTEM32;C:\Windows\WinSxS\amd64_microsoft.windows.common-controls_6595b64144ccf1df_6.0.19041.488_none_ca04af081b815d21;C:\Java\JDK_17.0.1\bin\server;C:\Users\Administrator\.gradle\native\c067742578af261105cb4f569cf0c3c89f3d7b1fecec35dd04571415982c5e48\windows-amd64;C:\Users\Administrator\.gradle\native\100fb08df4bc3b14c8652ba06237920a3bd2aa13389f12d3474272988ae205f9\windows-amd64

VM Arguments:
jvm_args: --add-opens=java.base/java.util=ALL-UNNAMED --add-opens=java.base/java.lang=ALL-UNNAMED --add-opens=java.base/java.lang.invoke=ALL-UNNAMED --add-opens=java.prefs/java.util.prefs=ALL-UNNAMED --add-exports=jdk.compiler/com.sun.tools.javac.api=ALL-UNNAMED --add-exports=jdk.compiler/com.sun.tools.javac.util=ALL-UNNAMED --add-opens=java.base/java.nio.charset=ALL-UNNAMED --add-opens=java.base/java.net=ALL-UNNAMED --add-opens=java.base/java.util.concurrent.atomic=ALL-UNNAMED -Xmx2048m -Dfile.encoding=UTF-8 -Duser.country=CN -Duser.language=zh -Duser.variant -javaagent:C:\Gradle\Gradle_8.10\lib\agents\gradle-instrumentation-agent-8.10.jar 
java_command: org.gradle.launcher.daemon.bootstrap.GradleDaemon 8.10
java_class_path (initial): C:\Gradle\Gradle_8.10\lib\gradle-daemon-main-8.10.jar
Launcher Type: SUN_STANDARD

[Global flags]
     intx CICompilerCount                          = 3                                         {product} {ergonomic}
     uint ConcGCThreads                            = 1                                         {product} {ergonomic}
     uint G1ConcRefinementThreads                  = 4                                         {product} {ergonomic}
   size_t G1HeapRegionSize                         = 1048576                                   {product} {ergonomic}
    uintx GCDrainStackTargetSize                   = 64                                        {product} {ergonomic}
   size_t InitialHeapSize                          = 134217728                                 {product} {ergonomic}
   size_t MarkStackSize                            = 4194304                                   {product} {ergonomic}
   size_t MaxHeapSize                              = 2147483648                                {product} {command line}
   size_t MaxNewSize                               = 1287651328                                {product} {ergonomic}
   size_t MinHeapDeltaBytes                        = 1048576                                   {product} {ergonomic}
   size_t MinHeapSize                              = 8388608                                   {product} {ergonomic}
    uintx NonNMethodCodeHeapSize                   = 5832780                                {pd product} {ergonomic}
    uintx NonProfiledCodeHeapSize                  = 122912730                              {pd product} {ergonomic}
    uintx ProfiledCodeHeapSize                     = 122912730                              {pd product} {ergonomic}
    uintx ReservedCodeCacheSize                    = 251658240                              {pd product} {ergonomic}
     bool SegmentedCodeCache                       = true                                      {product} {ergonomic}
   size_t SoftMaxHeapSize                          = 2147483648                             {manageable} {ergonomic}
     bool UseCompressedClassPointers               = true                           {product lp64_product} {ergonomic}
     bool UseCompressedOops                        = true                           {product lp64_product} {ergonomic}
     bool UseG1GC                                  = true                                      {product} {ergonomic}
     bool UseLargePagesIndividualAllocation        = false                                  {pd product} {ergonomic}

Logging:
Log output configuration:
 #0: stdout all=warning uptime,level,tags
 #1: stderr all=off uptime,level,tags

Environment Variables:
JAVA_HOME=C:\Java\JDK_17.0.1
PATH=C:\Program Files\NVIDIA GPU Computing Toolkit\CUDA\v12.6\bin;C:\Program Files\NVIDIA GPU Computing Toolkit\CUDA\v12.6\libnvvp;C:\Program Files (x86)\VMware\VMware Workstation\bin\;C:\Windows\system32;C:\Windows;C:\Windows\System32\Wbem;C:\Windows\System32\WindowsPowerShell\v1.0\;C:\Windows\System32\OpenSSH\;C:\Program Files (x86)\NVIDIA Corporation\PhysX\Common;C:\Program Files\dotnet\;C:\Program Files (x86)\Windows Kits\10\Windows Performance Toolkit\;C:\Program Files\NVIDIA Corporation\Nsight Compute 2024.3.2\;C:\Program Files\NVIDIA Corporation\NVIDIA NvDLISR;C:\Program Files\CMake\bin;C:\Program Files\Git\cmd;C:\Users\Administrator\AppData\Local\Programs\Python\Python310\Scripts\;C:\Users\Administrator\AppData\Local\Programs\Python\Python310\;C:\Users\Administrator\AppData\Local\Programs\Python\Python37\Scripts\;C:\Users\Administrator\AppData\Local\Programs\Python\Python37\;C:\Program Files\MySQL\MySQL Shell 8.0\bin\;C:\Users\Administrator\AppData\Local\Microsoft\WindowsApps;C:\Program Files\JetBrains\IntelliJ IDEA Community Edition 2022.3.1\bin;C:\Users\Administrator\.dotnet\tools;C:\Java\JDK_17.0.1\bin;C:\Users\Administrator\.lmstudio\bin;C:\FFmpeg-7.1.1\bin\;C:\Program Files\JetBrains\IntelliJ IDEA 2024.3.1.1\bin;;C:\Java\Tomcat_9.0\bin;C:\Program Files\CURL_8.13.0\bin;C:\Users\Administrator\AppData\Local\Muse Hub\lib;C:\Users\Administrator\AppData\Local\Microsoft\WinGet\Links;C:\ProgramData\miniconda3\condabin;C:\Program Files\w64devkit\bin;C:\Program Files\Microsoft Visual Studio\2022\Community\VC\Tools\MSVC\14.41.34120\bin\Hostx64\x64;C:\vcpkg;
USERNAME=Administrator
OS=Windows_NT
PROCESSOR_IDENTIFIER=Intel64 Family 6 Model 158 Stepping 11, GenuineIntel



---------------  S Y S T E M  ---------------

OS:
 Windows 10 , 64 bit Build 19041 (10.0.19041.546)
OS uptime: 0 days 0:15 hours

CPU: total 4 (initial active 4) (4 cores per cpu, 1 threads per core) family 6 model 158 stepping 11 microcode 0xb4, cx8, cmov, fxsr, mmx, 3dnowpref, sse, sse2, sse3, ssse3, sse4.1, sse4.2, popcnt, lzcnt, tsc, tscinvbit, avx, avx2, aes, erms, clmul, bmi1, bmi2, adx, fma, vzeroupper, clflush, clflushopt

Memory: 4k page, system-wide physical 8125M (315M free)
TotalPageFile size 8125M (AvailPageFile size 32M)
current process WorkingSet (physical memory assigned to process): 404M, peak: 513M
current process commit charge ("private bytes"): 691M, peak: 850M

vm_info: Java HotSpot(TM) 64-Bit Server VM (17.0.1+12-LTS-39) for windows-amd64 JRE (17.0.1+12-LTS-39), built on Sep 27 2021 18:41:35 by "mach5one" with MS VC++ 16.8 (VS2019)

END.
